{"C:\\work\\omnifood-ni\\apps\\admin_backend\\src\\main.ts": {"path":"C:\\work\\omnifood-ni\\apps\\admin_backend\\src\\main.ts","statementMap":{"0":{"start":{"line":1,"column":0},"end":{"line":1,"column":43}},"1":{"start":{"line":2,"column":0},"end":{"line":2,"column":48}},"2":{"start":{"line":3,"column":0},"end":{"line":3,"column":28}},"3":{"start":{"line":4,"column":0},"end":{"line":4,"column":50}},"4":{"start":{"line":7,"column":14},"end":{"line":7,"column":49}},"5":{"start":{"line":10,"column":2},"end":{"line":10,"column":29}},"6":{"start":{"line":13,"column":2},"end":{"line":13,"column":20}},"7":{"start":{"line":14,"column":2},"end":{"line":14,"column":19}},"8":{"start":{"line":17,"column":2},"end":{"line":23,"column":4}},"9":{"start":{"line":25,"column":2},"end":{"line":25,"column":45}},"10":{"start":{"line":27,"column":0},"end":{"line":27,"column":17}}},"fnMap":{"0":{"name":"bootstrap","decl":{"start":{"line":6,"column":15},"end":{"line":6,"column":24}},"loc":{"start":{"line":6,"column":24},"end":{"line":26,"column":1}}}},"branchMap":{"0":{"loc":{"start":{"line":25,"column":19},"end":{"line":25,"column":43}},"type":"binary-expr","locations":[{"start":{"line":25,"column":19},"end":{"line":25,"column":35}},{"start":{"line":25,"column":39},"end":{"line":25,"column":43}}]}},"s":{"0":0,"1":0,"2":0,"3":0,"4":0,"5":0,"6":0,"7":0,"8":0,"9":0,"10":0},"f":{"0":0},"b":{"0":[0,0]}}
,"C:\\work\\omnifood-ni\\apps\\admin_backend\\src\\core\\app\\app.controller.ts": {"path":"C:\\work\\omnifood-ni\\apps\\admin_backend\\src\\core\\app\\app.controller.ts","statementMap":{"0":{"start":{"line":1,"column":0},"end":{"line":1,"column":49}},"1":{"start":{"line":2,"column":0},"end":{"line":2,"column":43}},"2":{"start":{"line":5,"column":7},"end":{"line":12,"column":null}},"3":{"start":{"line":6,"column":31},"end":{"line":6,"column":43}},"4":{"start":{"line":10,"column":4},"end":{"line":10,"column":38}},"5":{"start":{"line":5,"column":13},"end":{"line":5,"column":26}},"6":{"start":{"line":9,"column":2},"end":{"line":11,"column":null}},"7":{"start":{"line":5,"column":13},"end":{"line":12,"column":null}}},"fnMap":{"0":{"name":"(anonymous_2)","decl":{"start":{"line":6,"column":2},"end":{"line":6,"column":31}},"loc":{"start":{"line":6,"column":53},"end":{"line":6,"column":57}}},"1":{"name":"(anonymous_3)","decl":{"start":{"line":9,"column":2},"end":{"line":9,"column":10}},"loc":{"start":{"line":9,"column":10},"end":{"line":11,"column":3}}}},"branchMap":{},"s":{"0":0,"1":0,"2":0,"3":0,"4":0,"5":0,"6":0,"7":0},"f":{"0":0,"1":0},"b":{}}
,"C:\\work\\omnifood-ni\\apps\\admin_backend\\src\\core\\app\\app.module.ts": {"path":"C:\\work\\omnifood-ni\\apps\\admin_backend\\src\\core\\app\\app.module.ts","statementMap":{"0":{"start":{"line":1,"column":0},"end":{"line":1,"column":40}},"1":{"start":{"line":2,"column":0},"end":{"line":2,"column":61}},"2":{"start":{"line":3,"column":0},"end":{"line":3,"column":48}},"3":{"start":{"line":4,"column":0},"end":{"line":4,"column":49}},"4":{"start":{"line":5,"column":0},"end":{"line":5,"column":43}},"5":{"start":{"line":6,"column":0},"end":{"line":6,"column":72}},"6":{"start":{"line":7,"column":0},"end":{"line":7,"column":75}},"7":{"start":{"line":8,"column":0},"end":{"line":8,"column":63}},"8":{"start":{"line":9,"column":0},"end":{"line":9,"column":87}},"9":{"start":{"line":10,"column":0},"end":{"line":10,"column":59}},"10":{"start":{"line":11,"column":0},"end":{"line":11,"column":69}},"11":{"start":{"line":12,"column":0},"end":{"line":12,"column":67}},"12":{"start":{"line":13,"column":0},"end":{"line":13,"column":76}},"13":{"start":{"line":14,"column":0},"end":{"line":14,"column":90}},"14":{"start":{"line":15,"column":0},"end":{"line":15,"column":72}},"15":{"start":{"line":16,"column":0},"end":{"line":16,"column":74}},"16":{"start":{"line":17,"column":0},"end":{"line":17,"column":72}},"17":{"start":{"line":18,"column":0},"end":{"line":18,"column":95}},"18":{"start":{"line":19,"column":0},"end":{"line":19,"column":76}},"19":{"start":{"line":20,"column":0},"end":{"line":20,"column":78}},"20":{"start":{"line":21,"column":0},"end":{"line":21,"column":87}},"21":{"start":{"line":22,"column":0},"end":{"line":22,"column":70}},"22":{"start":{"line":23,"column":0},"end":{"line":23,"column":70}},"23":{"start":{"line":24,"column":0},"end":{"line":24,"column":79}},"24":{"start":{"line":25,"column":0},"end":{"line":25,"column":70}},"25":{"start":{"line":26,"column":0},"end":{"line":26,"column":96}},"26":{"start":{"line":28,"column":36},"end":{"line":57,"column":2}},"27":{"start":{"line":31,"column":6},"end":{"line":57,"column":2}},"28":{"start":{"line":28,"column":13},"end":{"line":28,"column":36}},"29":{"start":{"line":79,"column":7},"end":{"line":79,"column":null}},"30":{"start":{"line":79,"column":13},"end":{"line":79,"column":22}},"31":{"start":{"line":79,"column":13},"end":{"line":79,"column":null}},"32":{"start":{"line":69,"column":8},"end":{"line":69,"column":43}}},"fnMap":{"0":{"name":"(anonymous_1)","decl":{"start":{"line":28,"column":36},"end":{"line":28,"column":null}},"loc":{"start":{"line":31,"column":6},"end":{"line":57,"column":2}}},"1":{"name":"(anonymous_2)","decl":{"start":{"line":68,"column":18},"end":{"line":68,"column":19}},"loc":{"start":{"line":69,"column":8},"end":{"line":69,"column":43}}}},"branchMap":{"0":{"loc":{"start":{"line":30,"column":2},"end":{"line":30,"column":57}},"type":"default-arg","locations":[{"start":{"line":30,"column":20},"end":{"line":30,"column":57}}]},"1":{"loc":{"start":{"line":30,"column":20},"end":{"line":30,"column":57}},"type":"binary-expr","locations":[{"start":{"line":30,"column":20},"end":{"line":30,"column":40}},{"start":{"line":30,"column":44},"end":{"line":30,"column":57}}]}},"s":{"0":0,"1":0,"2":0,"3":0,"4":0,"5":0,"6":0,"7":0,"8":0,"9":0,"10":0,"11":0,"12":0,"13":0,"14":0,"15":0,"16":0,"17":0,"18":0,"19":0,"20":0,"21":0,"22":0,"23":0,"24":0,"25":0,"26":0,"27":0,"28":0,"29":0,"30":0,"31":0,"32":0},"f":{"0":0,"1":0},"b":{"0":[0],"1":[0,0]}}
,"C:\\work\\omnifood-ni\\apps\\admin_backend\\src\\core\\app\\app.service.ts": {"path":"C:\\work\\omnifood-ni\\apps\\admin_backend\\src\\core\\app\\app.service.ts","statementMap":{"0":{"start":{"line":1,"column":0},"end":{"line":1,"column":44}},"1":{"start":{"line":4,"column":7},"end":{"line":8,"column":null}},"2":{"start":{"line":6,"column":4},"end":{"line":6,"column":26}},"3":{"start":{"line":4,"column":13},"end":{"line":4,"column":23}},"4":{"start":{"line":4,"column":13},"end":{"line":8,"column":null}}},"fnMap":{"0":{"name":"(anonymous_1)","decl":{"start":{"line":5,"column":2},"end":{"line":5,"column":10}},"loc":{"start":{"line":5,"column":10},"end":{"line":7,"column":3}}}},"branchMap":{},"s":{"0":0,"1":0,"2":0,"3":0,"4":0},"f":{"0":0},"b":{}}
,"C:\\work\\omnifood-ni\\apps\\admin_backend\\src\\core\\database\\rls.interceptor.ts": {"path":"C:\\work\\omnifood-ni\\apps\\admin_backend\\src\\core\\database\\rls.interceptor.ts","statementMap":{"0":{"start":{"line":1,"column":0},"end":{"line":1,"column":null}},"1":{"start":{"line":10,"column":7},"end":{"line":21,"column":null}},"2":{"start":{"line":19,"column":4},"end":{"line":19,"column":25}},"3":{"start":{"line":10,"column":13},"end":{"line":10,"column":30}},"4":{"start":{"line":10,"column":13},"end":{"line":21,"column":null}}},"fnMap":{"0":{"name":"(anonymous_1)","decl":{"start":{"line":11,"column":2},"end":{"line":11,"column":11}},"loc":{"start":{"line":11,"column":56},"end":{"line":20,"column":3}}}},"branchMap":{},"s":{"0":0,"1":0,"2":0,"3":0,"4":0},"f":{"0":0},"b":{}}
,"C:\\work\\omnifood-ni\\apps\\admin_backend\\src\\core\\decorators\\roles.decorator.ts": {"path":"C:\\work\\omnifood-ni\\apps\\admin_backend\\src\\core\\decorators\\roles.decorator.ts","statementMap":{"0":{"start":{"line":1,"column":0},"end":{"line":1,"column":45}},"1":{"start":{"line":4,"column":13},"end":{"line":4,"column":33}},"2":{"start":{"line":5,"column":21},"end":{"line":5,"column":76}},"3":{"start":{"line":5,"column":47},"end":{"line":5,"column":76}},"4":{"start":{"line":5,"column":13},"end":{"line":5,"column":21}}},"fnMap":{"0":{"name":"(anonymous_0)","decl":{"start":{"line":5,"column":21},"end":{"line":5,"column":22}},"loc":{"start":{"line":5,"column":47},"end":{"line":5,"column":76}}}},"branchMap":{},"s":{"0":0,"1":0,"2":0,"3":0,"4":0},"f":{"0":0},"b":{}}
,"C:\\work\\omnifood-ni\\apps\\admin_backend\\src\\core\\decorators\\tenant.decorator.ts": {"path":"C:\\work\\omnifood-ni\\apps\\admin_backend\\src\\core\\decorators\\tenant.decorator.ts","statementMap":{"0":{"start":{"line":1,"column":0},"end":{"line":1,"column":72}},"1":{"start":{"line":13,"column":13},"end":{"line":18,"column":2}},"2":{"start":{"line":15,"column":20},"end":{"line":15,"column":68}},"3":{"start":{"line":16,"column":4},"end":{"line":16,"column":35}}},"fnMap":{"0":{"name":"(anonymous_0)","decl":{"start":{"line":14,"column":2},"end":{"line":14,"column":3}},"loc":{"start":{"line":14,"column":63},"end":{"line":17,"column":3}}}},"branchMap":{},"s":{"0":0,"1":0,"2":0,"3":0},"f":{"0":0},"b":{}}
,"C:\\work\\omnifood-ni\\apps\\admin_backend\\src\\integrations\\notifications\\adapters\\console-email.adapter.ts": {"path":"C:\\work\\omnifood-ni\\apps\\admin_backend\\src\\integrations\\notifications\\adapters\\console-email.adapter.ts","statementMap":{"0":{"start":{"line":1,"column":0},"end":{"line":1,"column":52}},"1":{"start":{"line":5,"column":32},"end":{"line":13,"column":null}},"2":{"start":{"line":6,"column":19},"end":{"line":6,"column":65}},"3":{"start":{"line":9,"column":4},"end":{"line":9,"column":67}},"4":{"start":{"line":10,"column":4},"end":{"line":10,"column":49}},"5":{"start":{"line":11,"column":4},"end":{"line":11,"column":29}},"6":{"start":{"line":5,"column":13},"end":{"line":5,"column":32}},"7":{"start":{"line":5,"column":13},"end":{"line":13,"column":null}}},"fnMap":{"0":{"name":"(anonymous_1)","decl":{"start":{"line":5,"column":7},"end":{"line":5,"column":13}},"loc":{"start":{"line":5,"column":7},"end":{"line":13,"column":1}}},"1":{"name":"(anonymous_2)","decl":{"start":{"line":8,"column":2},"end":{"line":8,"column":7}},"loc":{"start":{"line":8,"column":54},"end":{"line":12,"column":3}}}},"branchMap":{},"s":{"0":0,"1":0,"2":0,"3":0,"4":0,"5":0,"6":0,"7":0},"f":{"0":0,"1":0},"b":{}}
,"C:\\work\\omnifood-ni\\apps\\admin_backend\\src\\integrations\\notifications\\adapters\\console-sms.adapter.ts": {"path":"C:\\work\\omnifood-ni\\apps\\admin_backend\\src\\integrations\\notifications\\adapters\\console-sms.adapter.ts","statementMap":{"0":{"start":{"line":1,"column":0},"end":{"line":1,"column":52}},"1":{"start":{"line":5,"column":30},"end":{"line":12,"column":null}},"2":{"start":{"line":6,"column":19},"end":{"line":6,"column":63}},"3":{"start":{"line":9,"column":4},"end":{"line":9,"column":65}},"4":{"start":{"line":10,"column":4},"end":{"line":10,"column":29}},"5":{"start":{"line":5,"column":13},"end":{"line":5,"column":30}},"6":{"start":{"line":5,"column":13},"end":{"line":12,"column":null}}},"fnMap":{"0":{"name":"(anonymous_1)","decl":{"start":{"line":5,"column":7},"end":{"line":5,"column":13}},"loc":{"start":{"line":5,"column":7},"end":{"line":12,"column":1}}},"1":{"name":"(anonymous_2)","decl":{"start":{"line":8,"column":2},"end":{"line":8,"column":7}},"loc":{"start":{"line":8,"column":40},"end":{"line":11,"column":3}}}},"branchMap":{},"s":{"0":0,"1":0,"2":0,"3":0,"4":0,"5":0,"6":0},"f":{"0":0,"1":0},"b":{}}
,"C:\\work\\omnifood-ni\\apps\\admin_backend\\src\\integrations\\notifications\\ports\\email.port.ts": {"path":"C:\\work\\omnifood-ni\\apps\\admin_backend\\src\\integrations\\notifications\\ports\\email.port.ts","statementMap":{"0":{"start":{"line":1,"column":13},"end":{"line":1,"column":38}}},"fnMap":{},"branchMap":{},"s":{"0":0},"f":{},"b":{}}
,"C:\\work\\omnifood-ni\\apps\\admin_backend\\src\\integrations\\notifications\\ports\\sms.port.ts": {"path":"C:\\work\\omnifood-ni\\apps\\admin_backend\\src\\integrations\\notifications\\ports\\sms.port.ts","statementMap":{"0":{"start":{"line":1,"column":13},"end":{"line":1,"column":34}}},"fnMap":{},"branchMap":{},"s":{"0":0},"f":{},"b":{}}
,"C:\\work\\omnifood-ni\\apps\\admin_backend\\src\\migrations\\1760000000000-CreateSecurityProfilesAndIdentityColumns.ts": {"path":"C:\\work\\omnifood-ni\\apps\\admin_backend\\src\\migrations\\1760000000000-CreateSecurityProfilesAndIdentityColumns.ts","statementMap":{"0":{"start":{"line":4,"column":2},"end":{"line":4,"column":65}},"1":{"start":{"line":7,"column":4},"end":{"line":19,"column":7}},"2":{"start":{"line":21,"column":4},"end":{"line":23,"column":6}},"3":{"start":{"line":24,"column":4},"end":{"line":26,"column":6}},"4":{"start":{"line":27,"column":4},"end":{"line":29,"column":6}},"5":{"start":{"line":33,"column":4},"end":{"line":35,"column":6}},"6":{"start":{"line":36,"column":4},"end":{"line":38,"column":6}},"7":{"start":{"line":39,"column":4},"end":{"line":41,"column":6}},"8":{"start":{"line":42,"column":4},"end":{"line":42,"column":70}},"9":{"start":{"line":3,"column":0},"end":{"line":3,"column":13}}},"fnMap":{"0":{"name":"(anonymous_0)","decl":{"start":{"line":3,"column":0},"end":{"line":3,"column":13}},"loc":{"start":{"line":3,"column":0},"end":{"line":44,"column":1}}},"1":{"name":"(anonymous_1)","decl":{"start":{"line":6,"column":9},"end":{"line":6,"column":14}},"loc":{"start":{"line":6,"column":42},"end":{"line":30,"column":3}}},"2":{"name":"(anonymous_2)","decl":{"start":{"line":32,"column":9},"end":{"line":32,"column":14}},"loc":{"start":{"line":32,"column":44},"end":{"line":43,"column":3}}}},"branchMap":{},"s":{"0":0,"1":0,"2":0,"3":0,"4":0,"5":0,"6":0,"7":0,"8":0,"9":0},"f":{"0":0,"1":0,"2":0},"b":{}}
,"C:\\work\\omnifood-ni\\apps\\admin_backend\\src\\migrations\\1761000000000-IdentityRemediationHardening.ts": {"path":"C:\\work\\omnifood-ni\\apps\\admin_backend\\src\\migrations\\1761000000000-IdentityRemediationHardening.ts","statementMap":{"0":{"start":{"line":4,"column":2},"end":{"line":4,"column":53}},"1":{"start":{"line":7,"column":4},"end":{"line":9,"column":6}},"2":{"start":{"line":13,"column":4},"end":{"line":15,"column":6}},"3":{"start":{"line":16,"column":4},"end":{"line":18,"column":6}},"4":{"start":{"line":3,"column":0},"end":{"line":3,"column":13}}},"fnMap":{"0":{"name":"(anonymous_0)","decl":{"start":{"line":3,"column":0},"end":{"line":3,"column":13}},"loc":{"start":{"line":3,"column":0},"end":{"line":20,"column":1}}},"1":{"name":"(anonymous_1)","decl":{"start":{"line":6,"column":9},"end":{"line":6,"column":14}},"loc":{"start":{"line":6,"column":42},"end":{"line":10,"column":3}}},"2":{"name":"(anonymous_2)","decl":{"start":{"line":12,"column":9},"end":{"line":12,"column":14}},"loc":{"start":{"line":12,"column":44},"end":{"line":19,"column":3}}}},"branchMap":{},"s":{"0":0,"1":0,"2":0,"3":0,"4":0},"f":{"0":0,"1":0,"2":0},"b":{}}
,"C:\\work\\omnifood-ni\\apps\\admin_backend\\src\\migrations\\1762000000000-AddAuditStreamSequenceUniqueness.ts": {"path":"C:\\work\\omnifood-ni\\apps\\admin_backend\\src\\migrations\\1762000000000-AddAuditStreamSequenceUniqueness.ts","statementMap":{"0":{"start":{"line":4,"column":2},"end":{"line":4,"column":57}},"1":{"start":{"line":7,"column":4},"end":{"line":10,"column":7}},"2":{"start":{"line":12,"column":4},"end":{"line":31,"column":7}},"3":{"start":{"line":33,"column":4},"end":{"line":35,"column":7}},"4":{"start":{"line":37,"column":4},"end":{"line":41,"column":7}},"5":{"start":{"line":45,"column":4},"end":{"line":47,"column":6}},"6":{"start":{"line":48,"column":4},"end":{"line":48,"column":77}},"7":{"start":{"line":49,"column":4},"end":{"line":51,"column":6}},"8":{"start":{"line":3,"column":0},"end":{"line":3,"column":13}}},"fnMap":{"0":{"name":"(anonymous_0)","decl":{"start":{"line":3,"column":0},"end":{"line":3,"column":13}},"loc":{"start":{"line":3,"column":0},"end":{"line":53,"column":1}}},"1":{"name":"(anonymous_1)","decl":{"start":{"line":6,"column":9},"end":{"line":6,"column":14}},"loc":{"start":{"line":6,"column":42},"end":{"line":42,"column":3}}},"2":{"name":"(anonymous_2)","decl":{"start":{"line":44,"column":9},"end":{"line":44,"column":14}},"loc":{"start":{"line":44,"column":44},"end":{"line":52,"column":3}}}},"branchMap":{},"s":{"0":0,"1":0,"2":0,"3":0,"4":0,"5":0,"6":0,"7":0,"8":0},"f":{"0":0,"1":0,"2":0},"b":{}}
,"C:\\work\\omnifood-ni\\apps\\admin_backend\\src\\migrations\\1763000000000-DropUserPinHash.ts": {"path":"C:\\work\\omnifood-ni\\apps\\admin_backend\\src\\migrations\\1763000000000-DropUserPinHash.ts","statementMap":{"0":{"start":{"line":4,"column":2},"end":{"line":4,"column":40}},"1":{"start":{"line":7,"column":4},"end":{"line":7,"column":80}},"2":{"start":{"line":11,"column":4},"end":{"line":13,"column":6}},"3":{"start":{"line":3,"column":0},"end":{"line":3,"column":13}}},"fnMap":{"0":{"name":"(anonymous_0)","decl":{"start":{"line":3,"column":0},"end":{"line":3,"column":13}},"loc":{"start":{"line":3,"column":0},"end":{"line":15,"column":1}}},"1":{"name":"(anonymous_1)","decl":{"start":{"line":6,"column":9},"end":{"line":6,"column":14}},"loc":{"start":{"line":6,"column":42},"end":{"line":8,"column":3}}},"2":{"name":"(anonymous_2)","decl":{"start":{"line":10,"column":9},"end":{"line":10,"column":14}},"loc":{"start":{"line":10,"column":44},"end":{"line":14,"column":3}}}},"branchMap":{},"s":{"0":0,"1":0,"2":0,"3":0},"f":{"0":0,"1":0,"2":0},"b":{}}
,"C:\\work\\omnifood-ni\\apps\\admin_backend\\src\\modules\\identity\\identity.module.ts": {"path":"C:\\work\\omnifood-ni\\apps\\admin_backend\\src\\modules\\identity\\identity.module.ts","statementMap":{"0":{"start":{"line":1,"column":0},"end":{"line":1,"column":40}},"1":{"start":{"line":2,"column":0},"end":{"line":2,"column":48}},"2":{"start":{"line":3,"column":0},"end":{"line":3,"column":40}},"3":{"start":{"line":4,"column":0},"end":{"line":4,"column":61}},"4":{"start":{"line":5,"column":0},"end":{"line":5,"column":46}},"5":{"start":{"line":6,"column":0},"end":{"line":6,"column":55}},"6":{"start":{"line":7,"column":0},"end":{"line":7,"column":69}},"7":{"start":{"line":8,"column":0},"end":{"line":8,"column":54}},"8":{"start":{"line":9,"column":0},"end":{"line":9,"column":54}},"9":{"start":{"line":10,"column":0},"end":{"line":10,"column":63}},"10":{"start":{"line":11,"column":0},"end":{"line":11,"column":65}},"11":{"start":{"line":12,"column":0},"end":{"line":12,"column":65}},"12":{"start":{"line":30,"column":7},"end":{"line":30,"column":null}},"13":{"start":{"line":30,"column":13},"end":{"line":30,"column":27}},"14":{"start":{"line":30,"column":13},"end":{"line":30,"column":null}},"15":{"start":{"line":20,"column":53},"end":{"line":23,"column":8}}},"fnMap":{"0":{"name":"(anonymous_1)","decl":{"start":{"line":20,"column":18},"end":{"line":20,"column":19}},"loc":{"start":{"line":20,"column":53},"end":{"line":23,"column":8}}}},"branchMap":{},"s":{"0":0,"1":0,"2":0,"3":0,"4":0,"5":0,"6":0,"7":0,"8":0,"9":0,"10":0,"11":0,"12":0,"13":0,"14":0,"15":0},"f":{"0":0},"b":{}}
,"C:\\work\\omnifood-ni\\apps\\admin_backend\\src\\modules\\identity\\controllers\\audit.controller.ts": {"path":"C:\\work\\omnifood-ni\\apps\\admin_backend\\src\\modules\\identity\\controllers\\audit.controller.ts","statementMap":{"0":{"start":{"line":1,"column":0},"end":{"line":1,"column":null}},"1":{"start":{"line":11,"column":0},"end":{"line":11,"column":51}},"2":{"start":{"line":12,"column":0},"end":{"line":12,"column":67}},"3":{"start":{"line":13,"column":0},"end":{"line":13,"column":56}},"4":{"start":{"line":14,"column":0},"end":{"line":14,"column":49}},"5":{"start":{"line":15,"column":0},"end":{"line":15,"column":75}},"6":{"start":{"line":16,"column":0},"end":{"line":16,"column":72}},"7":{"start":{"line":17,"column":0},"end":{"line":17,"column":55}},"8":{"start":{"line":18,"column":0},"end":{"line":18,"column":33}},"9":{"start":{"line":23,"column":7},"end":{"line":170,"column":null}},"10":{"start":{"line":26,"column":12},"end":{"line":26,"column":29}},"11":{"start":{"line":27,"column":21},"end":{"line":27,"column":33}},"12":{"start":{"line":36,"column":28},"end":{"line":36,"column":40}},"13":{"start":{"line":37,"column":55},"end":{"line":37,"column":57}},"14":{"start":{"line":38,"column":4},"end":{"line":87,"column":5}},"15":{"start":{"line":39,"column":29},"end":{"line":39,"column":59}},"16":{"start":{"line":40,"column":29},"end":{"line":40,"column":58}},"17":{"start":{"line":41,"column":6},"end":{"line":45,"column":7}},"18":{"start":{"line":42,"column":8},"end":{"line":44,"column":10}},"19":{"start":{"line":47,"column":6},"end":{"line":49,"column":7}},"20":{"start":{"line":48,"column":8},"end":{"line":48,"column":75}},"21":{"start":{"line":51,"column":32},"end":{"line":51,"column":66}},"22":{"start":{"line":52,"column":31},"end":{"line":52,"column":236}},"23":{"start":{"line":53,"column":28},"end":{"line":56,"column":22}},"24":{"start":{"line":58,"column":6},"end":{"line":77,"column":7}},"25":{"start":{"line":60,"column":10},"end":{"line":63,"column":19}},"26":{"start":{"line":65,"column":10},"end":{"line":65,"column":65}},"27":{"start":{"line":66,"column":30},"end":{"line":66,"column":239}},"28":{"start":{"line":67,"column":27},"end":{"line":70,"column":24}},"29":{"start":{"line":72,"column":8},"end":{"line":76,"column":9}},"30":{"start":{"line":73,"column":10},"end":{"line":75,"column":12}},"31":{"start":{"line":79,"column":6},"end":{"line":86,"column":9}},"32":{"start":{"line":89,"column":24},"end":{"line":89,"column":59}},"33":{"start":{"line":90,"column":4},"end":{"line":90,"column":32}},"34":{"start":{"line":91,"column":4},"end":{"line":91,"column":41}},"35":{"start":{"line":93,"column":4},"end":{"line":166,"column":5}},"36":{"start":{"line":94,"column":30},"end":{"line":94,"column":null}},"37":{"start":{"line":99,"column":6},"end":{"line":149,"column":7}},"38":{"start":{"line":100,"column":26},"end":{"line":100,"column":91}},"39":{"start":{"line":101,"column":8},"end":{"line":106,"column":9}},"40":{"start":{"line":102,"column":10},"end":{"line":105,"column":12}},"41":{"start":{"line":108,"column":21},"end":{"line":108,"column":51}},"42":{"start":{"line":109,"column":8},"end":{"line":127,"column":9}},"43":{"start":{"line":110,"column":34},"end":{"line":118,"column":12}},"44":{"start":{"line":120,"column":10},"end":{"line":125,"column":56}},"45":{"start":{"line":126,"column":10},"end":{"line":126,"column":49}},"46":{"start":{"line":129,"column":33},"end":{"line":129,"column":55}},"47":{"start":{"line":130,"column":32},"end":{"line":130,"column":57}},"48":{"start":{"line":131,"column":32},"end":{"line":131,"column":55}},"49":{"start":{"line":132,"column":8},"end":{"line":136,"column":9}},"50":{"start":{"line":133,"column":10},"end":{"line":135,"column":12}},"51":{"start":{"line":138,"column":8},"end":{"line":142,"column":9}},"52":{"start":{"line":139,"column":10},"end":{"line":141,"column":12}},"53":{"start":{"line":144,"column":8},"end":{"line":144,"column":56}},"54":{"start":{"line":145,"column":8},"end":{"line":148,"column":11}},"55":{"start":{"line":151,"column":6},"end":{"line":151,"column":44}},"56":{"start":{"line":153,"column":6},"end":{"line":153,"column":46}},"57":{"start":{"line":154,"column":6},"end":{"line":162,"column":7}},"58":{"start":{"line":159,"column":8},"end":{"line":161,"column":10}},"59":{"start":{"line":163,"column":6},"end":{"line":163,"column":18}},"60":{"start":{"line":165,"column":6},"end":{"line":165,"column":34}},"61":{"start":{"line":168,"column":4},"end":{"line":168,"column":59}},"62":{"start":{"line":23,"column":13},"end":{"line":23,"column":28}},"63":{"start":{"line":31,"column":8},"end":{"line":169,"column":null}},"64":{"start":{"line":23,"column":13},"end":{"line":170,"column":null}}},"fnMap":{"0":{"name":"(anonymous_4)","decl":{"start":{"line":24,"column":2},"end":{"line":24,"column":null}},"loc":{"start":{"line":27,"column":43},"end":{"line":28,"column":6}}},"1":{"name":"(anonymous_5)","decl":{"start":{"line":31,"column":8},"end":{"line":31,"column":16}},"loc":{"start":{"line":34,"column":45},"end":{"line":169,"column":3}}}},"branchMap":{"0":{"loc":{"start":{"line":39,"column":29},"end":{"line":39,"column":59}},"type":"binary-expr","locations":[{"start":{"line":39,"column":29},"end":{"line":39,"column":40}},{"start":{"line":39,"column":44},"end":{"line":39,"column":59}}]},"1":{"loc":{"start":{"line":40,"column":29},"end":{"line":40,"column":58}},"type":"binary-expr","locations":[{"start":{"line":40,"column":29},"end":{"line":40,"column":39}},{"start":{"line":40,"column":43},"end":{"line":40,"column":58}}]},"2":{"loc":{"start":{"line":41,"column":6},"end":{"line":45,"column":7}},"type":"if","locations":[{"start":{"line":41,"column":6},"end":{"line":45,"column":7}},{"start":{},"end":{}}]},"3":{"loc":{"start":{"line":47,"column":6},"end":{"line":49,"column":7}},"type":"if","locations":[{"start":{"line":47,"column":6},"end":{"line":49,"column":7}},{"start":{},"end":{}}]},"4":{"loc":{"start":{"line":47,"column":10},"end":{"line":47,"column":51}},"type":"binary-expr","locations":[{"start":{"line":47,"column":10},"end":{"line":47,"column":25}},{"start":{"line":47,"column":29},"end":{"line":47,"column":51}}]},"5":{"loc":{"start":{"line":51,"column":47},"end":{"line":51,"column":65}},"type":"binary-expr","locations":[{"start":{"line":51,"column":47},"end":{"line":51,"column":59}},{"start":{"line":51,"column":63},"end":{"line":51,"column":65}}]},"6":{"loc":{"start":{"line":52,"column":140},"end":{"line":52,"column":173}},"type":"binary-expr","locations":[{"start":{"line":52,"column":140},"end":{"line":52,"column":163}},{"start":{"line":52,"column":167},"end":{"line":52,"column":173}}]},"7":{"loc":{"start":{"line":52,"column":177},"end":{"line":52,"column":213}},"type":"binary-expr","locations":[{"start":{"line":52,"column":177},"end":{"line":52,"column":203}},{"start":{"line":52,"column":207},"end":{"line":52,"column":213}}]},"8":{"loc":{"start":{"line":58,"column":6},"end":{"line":77,"column":7}},"type":"if","locations":[{"start":{"line":58,"column":6},"end":{"line":77,"column":7}},{"start":{},"end":{}}]},"9":{"loc":{"start":{"line":60,"column":10},"end":{"line":63,"column":19}},"type":"binary-expr","locations":[{"start":{"line":60,"column":10},"end":{"line":60,"column":26}},{"start":{"line":61,"column":11},"end":{"line":63,"column":18}}]},"10":{"loc":{"start":{"line":61,"column":11},"end":{"line":63,"column":18}},"type":"cond-expr","locations":[{"start":{"line":62,"column":14},"end":{"line":62,"column":35}},{"start":{"line":63,"column":14},"end":{"line":63,"column":18}}]},"11":{"loc":{"start":{"line":65,"column":10},"end":{"line":65,"column":65}},"type":"cond-expr","locations":[{"start":{"line":65,"column":39},"end":{"line":65,"column":45}},{"start":{"line":65,"column":48},"end":{"line":65,"column":65}}]},"12":{"loc":{"start":{"line":66,"column":139},"end":{"line":66,"column":172}},"type":"binary-expr","locations":[{"start":{"line":66,"column":139},"end":{"line":66,"column":162}},{"start":{"line":66,"column":166},"end":{"line":66,"column":172}}]},"13":{"loc":{"start":{"line":66,"column":176},"end":{"line":66,"column":212}},"type":"binary-expr","locations":[{"start":{"line":66,"column":176},"end":{"line":66,"column":202}},{"start":{"line":66,"column":206},"end":{"line":66,"column":212}}]},"14":{"loc":{"start":{"line":72,"column":8},"end":{"line":76,"column":9}},"type":"if","locations":[{"start":{"line":72,"column":8},"end":{"line":76,"column":9}},{"start":{},"end":{}}]},"15":{"loc":{"start":{"line":84,"column":18},"end":{"line":84,"column":36}},"type":"binary-expr","locations":[{"start":{"line":84,"column":18},"end":{"line":84,"column":30}},{"start":{"line":84,"column":34},"end":{"line":84,"column":36}}]},"16":{"loc":{"start":{"line":101,"column":8},"end":{"line":106,"column":9}},"type":"if","locations":[{"start":{"line":101,"column":8},"end":{"line":106,"column":9}},{"start":{},"end":{}}]},"17":{"loc":{"start":{"line":109,"column":8},"end":{"line":127,"column":9}},"type":"if","locations":[{"start":{"line":109,"column":8},"end":{"line":127,"column":9}},{"start":{},"end":{}}]},"18":{"loc":{"start":{"line":120,"column":19},"end":{"line":125,"column":55}},"type":"cond-expr","locations":[{"start":{"line":121,"column":14},"end":{"line":124,"column":null}},{"start":{"line":125,"column":14},"end":{"line":125,"column":55}}]},"19":{"loc":{"start":{"line":132,"column":8},"end":{"line":136,"column":9}},"type":"if","locations":[{"start":{"line":132,"column":8},"end":{"line":136,"column":9}},{"start":{},"end":{}}]},"20":{"loc":{"start":{"line":138,"column":8},"end":{"line":142,"column":9}},"type":"if","locations":[{"start":{"line":138,"column":8},"end":{"line":142,"column":9}},{"start":{},"end":{}}]},"21":{"loc":{"start":{"line":154,"column":6},"end":{"line":162,"column":7}},"type":"if","locations":[{"start":{"line":154,"column":6},"end":{"line":162,"column":7}},{"start":{},"end":{}}]},"22":{"loc":{"start":{"line":155,"column":8},"end":{"line":157,"column":40}},"type":"binary-expr","locations":[{"start":{"line":155,"column":8},"end":{"line":155,"column":41}},{"start":{"line":156,"column":9},"end":{"line":157,"column":40}}]}},"s":{"0":0,"1":0,"2":0,"3":0,"4":0,"5":0,"6":0,"7":0,"8":0,"9":0,"10":0,"11":0,"12":0,"13":0,"14":0,"15":0,"16":0,"17":0,"18":0,"19":0,"20":0,"21":0,"22":0,"23":0,"24":0,"25":0,"26":0,"27":0,"28":0,"29":0,"30":0,"31":0,"32":0,"33":0,"34":0,"35":0,"36":0,"37":0,"38":0,"39":0,"40":0,"41":0,"42":0,"43":0,"44":0,"45":0,"46":0,"47":0,"48":0,"49":0,"50":0,"51":0,"52":0,"53":0,"54":0,"55":0,"56":0,"57":0,"58":0,"59":0,"60":0,"61":0,"62":0,"63":0,"64":0},"f":{"0":0,"1":0},"b":{"0":[0,0],"1":[0,0],"2":[0,0],"3":[0,0],"4":[0,0],"5":[0,0],"6":[0,0],"7":[0,0],"8":[0,0],"9":[0,0],"10":[0,0],"11":[0,0],"12":[0,0],"13":[0,0],"14":[0,0],"15":[0,0],"16":[0,0],"17":[0,0],"18":[0,0],"19":[0,0],"20":[0,0],"21":[0,0],"22":[0,0]}}
,"C:\\work\\omnifood-ni\\apps\\admin_backend\\src\\modules\\identity\\controllers\\auth.controller.ts": {"path":"C:\\work\\omnifood-ni\\apps\\admin_backend\\src\\modules\\identity\\controllers\\auth.controller.ts","statementMap":{"0":{"start":{"line":1,"column":0},"end":{"line":1,"column":null}},"1":{"start":{"line":11,"column":0},"end":{"line":11,"column":55}},"2":{"start":{"line":12,"column":0},"end":{"line":12,"column":49}},"3":{"start":{"line":13,"column":0},"end":{"line":13,"column":75}},"4":{"start":{"line":14,"column":0},"end":{"line":14,"column":72}},"5":{"start":{"line":15,"column":0},"end":{"line":15,"column":64}},"6":{"start":{"line":18,"column":7},"end":{"line":46,"column":null}},"7":{"start":{"line":19,"column":22},"end":{"line":19,"column":35}},"8":{"start":{"line":23,"column":4},"end":{"line":23,"column":57}},"9":{"start":{"line":28,"column":4},"end":{"line":28,"column":74}},"10":{"start":{"line":39,"column":4},"end":{"line":44,"column":6}},"11":{"start":{"line":18,"column":13},"end":{"line":18,"column":27}},"12":{"start":{"line":22,"column":8},"end":{"line":24,"column":null}},"13":{"start":{"line":27,"column":8},"end":{"line":29,"column":null}},"14":{"start":{"line":34,"column":8},"end":{"line":45,"column":null}},"15":{"start":{"line":18,"column":13},"end":{"line":46,"column":null}}},"fnMap":{"0":{"name":"(anonymous_4)","decl":{"start":{"line":19,"column":2},"end":{"line":19,"column":22}},"loc":{"start":{"line":19,"column":46},"end":{"line":19,"column":50}}},"1":{"name":"(anonymous_5)","decl":{"start":{"line":22,"column":8},"end":{"line":22,"column":13}},"loc":{"start":{"line":22,"column":36},"end":{"line":24,"column":3}}},"2":{"name":"(anonymous_6)","decl":{"start":{"line":27,"column":8},"end":{"line":27,"column":15}},"loc":{"start":{"line":27,"column":45},"end":{"line":29,"column":3}}},"3":{"name":"(anonymous_7)","decl":{"start":{"line":34,"column":8},"end":{"line":34,"column":16}},"loc":{"start":{"line":37,"column":55},"end":{"line":45,"column":3}}}},"branchMap":{"0":{"loc":{"start":{"line":40,"column":6},"end":{"line":40,"column":20}},"type":"binary-expr","locations":[{"start":{"line":40,"column":6},"end":{"line":40,"column":14}},{"start":{"line":40,"column":18},"end":{"line":40,"column":20}}]}},"s":{"0":0,"1":0,"2":0,"3":0,"4":0,"5":0,"6":0,"7":0,"8":0,"9":0,"10":0,"11":0,"12":0,"13":0,"14":0,"15":0},"f":{"0":0,"1":0,"2":0,"3":0},"b":{"0":[0,0]}}
,"C:\\work\\omnifood-ni\\apps\\admin_backend\\src\\modules\\identity\\controllers\\users.controller.ts": {"path":"C:\\work\\omnifood-ni\\apps\\admin_backend\\src\\modules\\identity\\controllers\\users.controller.ts","statementMap":{"0":{"start":{"line":1,"column":0},"end":{"line":1,"column":null}},"1":{"start":{"line":13,"column":0},"end":{"line":13,"column":55}},"2":{"start":{"line":14,"column":0},"end":{"line":14,"column":49}},"3":{"start":{"line":15,"column":0},"end":{"line":15,"column":51}},"4":{"start":{"line":16,"column":0},"end":{"line":16,"column":65}},"5":{"start":{"line":17,"column":0},"end":{"line":17,"column":51}},"6":{"start":{"line":18,"column":0},"end":{"line":18,"column":75}},"7":{"start":{"line":19,"column":0},"end":{"line":19,"column":72}},"8":{"start":{"line":20,"column":0},"end":{"line":20,"column":74}},"9":{"start":{"line":34,"column":7},"end":{"line":73,"column":null}},"10":{"start":{"line":35,"column":22},"end":{"line":35,"column":35}},"11":{"start":{"line":40,"column":4},"end":{"line":40,"column":57}},"12":{"start":{"line":50,"column":4},"end":{"line":50,"column":70}},"13":{"start":{"line":61,"column":4},"end":{"line":61,"column":74}},"14":{"start":{"line":71,"column":4},"end":{"line":71,"column":73}},"15":{"start":{"line":34,"column":13},"end":{"line":34,"column":28}},"16":{"start":{"line":39,"column":8},"end":{"line":41,"column":null}},"17":{"start":{"line":45,"column":8},"end":{"line":51,"column":null}},"18":{"start":{"line":55,"column":8},"end":{"line":62,"column":null}},"19":{"start":{"line":66,"column":8},"end":{"line":72,"column":null}},"20":{"start":{"line":34,"column":13},"end":{"line":73,"column":null}}},"fnMap":{"0":{"name":"(anonymous_4)","decl":{"start":{"line":35,"column":2},"end":{"line":35,"column":22}},"loc":{"start":{"line":35,"column":46},"end":{"line":35,"column":50}}},"1":{"name":"(anonymous_5)","decl":{"start":{"line":39,"column":8},"end":{"line":39,"column":12}},"loc":{"start":{"line":39,"column":44},"end":{"line":41,"column":3}}},"2":{"name":"(anonymous_6)","decl":{"start":{"line":45,"column":8},"end":{"line":45,"column":14}},"loc":{"start":{"line":48,"column":35},"end":{"line":51,"column":3}}},"3":{"name":"(anonymous_7)","decl":{"start":{"line":55,"column":8},"end":{"line":55,"column":14}},"loc":{"start":{"line":59,"column":35},"end":{"line":62,"column":3}}},"4":{"name":"(anonymous_8)","decl":{"start":{"line":66,"column":8},"end":{"line":66,"column":14}},"loc":{"start":{"line":69,"column":35},"end":{"line":72,"column":3}}}},"branchMap":{"0":{"loc":{"start":{"line":40,"column":41},"end":{"line":40,"column":55}},"type":"binary-expr","locations":[{"start":{"line":40,"column":41},"end":{"line":40,"column":49}},{"start":{"line":40,"column":53},"end":{"line":40,"column":55}}]},"1":{"loc":{"start":{"line":50,"column":40},"end":{"line":50,"column":54}},"type":"binary-expr","locations":[{"start":{"line":50,"column":40},"end":{"line":50,"column":48}},{"start":{"line":50,"column":52},"end":{"line":50,"column":54}}]},"2":{"loc":{"start":{"line":61,"column":44},"end":{"line":61,"column":58}},"type":"binary-expr","locations":[{"start":{"line":61,"column":44},"end":{"line":61,"column":52}},{"start":{"line":61,"column":56},"end":{"line":61,"column":58}}]},"3":{"loc":{"start":{"line":71,"column":43},"end":{"line":71,"column":57}},"type":"binary-expr","locations":[{"start":{"line":71,"column":43},"end":{"line":71,"column":51}},{"start":{"line":71,"column":55},"end":{"line":71,"column":57}}]}},"s":{"0":0,"1":0,"2":0,"3":0,"4":0,"5":0,"6":0,"7":0,"8":0,"9":0,"10":0,"11":0,"12":0,"13":0,"14":0,"15":0,"16":0,"17":0,"18":0,"19":0,"20":0},"f":{"0":0,"1":0,"2":0,"3":0,"4":0},"b":{"0":[0,0],"1":[0,0],"2":[0,0],"3":[0,0]}}
,"C:\\work\\omnifood-ni\\apps\\admin_backend\\src\\modules\\identity\\dto\\identity.dto.ts": {"path":"C:\\work\\omnifood-ni\\apps\\admin_backend\\src\\modules\\identity\\dto\\identity.dto.ts","statementMap":{"0":{"start":{"line":1,"column":0},"end":{"line":1,"column":null}},"1":{"start":{"line":11,"column":0},"end":{"line":11,"column":41}},"2":{"start":{"line":13,"column":0},"end":{"line":13,"column":13}},"3":{"start":{"line":16,"column":2},"end":{"line":16,"column":null}},"4":{"start":{"line":20,"column":2},"end":{"line":20,"column":null}},"5":{"start":{"line":23,"column":0},"end":{"line":23,"column":13}},"6":{"start":{"line":26,"column":2},"end":{"line":26,"column":null}},"7":{"start":{"line":30,"column":2},"end":{"line":30,"column":null}},"8":{"start":{"line":33,"column":0},"end":{"line":33,"column":13}},"9":{"start":{"line":36,"column":2},"end":{"line":36,"column":null}},"10":{"start":{"line":40,"column":2},"end":{"line":40,"column":null}},"11":{"start":{"line":44,"column":2},"end":{"line":44,"column":null}},"12":{"start":{"line":48,"column":2},"end":{"line":48,"column":null}},"13":{"start":{"line":52,"column":2},"end":{"line":52,"column":null}},"14":{"start":{"line":56,"column":2},"end":{"line":56,"column":null}},"15":{"start":{"line":60,"column":2},"end":{"line":60,"column":null}},"16":{"start":{"line":63,"column":2},"end":{"line":63,"column":null}},"17":{"start":{"line":67,"column":2},"end":{"line":67,"column":null}},"18":{"start":{"line":71,"column":2},"end":{"line":71,"column":null}},"19":{"start":{"line":75,"column":2},"end":{"line":75,"column":null}},"20":{"start":{"line":79,"column":2},"end":{"line":79,"column":null}},"21":{"start":{"line":83,"column":2},"end":{"line":83,"column":null}},"22":{"start":{"line":87,"column":2},"end":{"line":87,"column":null}},"23":{"start":{"line":91,"column":2},"end":{"line":91,"column":null}},"24":{"start":{"line":95,"column":2},"end":{"line":95,"column":null}},"25":{"start":{"line":98,"column":0},"end":{"line":98,"column":13}},"26":{"start":{"line":102,"column":2},"end":{"line":102,"column":null}},"27":{"start":{"line":101,"column":14},"end":{"line":101,"column":31}}},"fnMap":{"0":{"name":"(anonymous_2)","decl":{"start":{"line":101,"column":8},"end":{"line":101,"column":11}},"loc":{"start":{"line":101,"column":14},"end":{"line":101,"column":31}}}},"branchMap":{},"s":{"0":0,"1":0,"2":0,"3":0,"4":0,"5":0,"6":0,"7":0,"8":0,"9":0,"10":0,"11":0,"12":0,"13":0,"14":0,"15":0,"16":0,"17":0,"18":0,"19":0,"20":0,"21":0,"22":0,"23":0,"24":0,"25":0,"26":0,"27":0},"f":{"0":0},"b":{}}
,"C:\\work\\omnifood-ni\\apps\\admin_backend\\src\\modules\\identity\\dto\\user-management.dto.ts": {"path":"C:\\work\\omnifood-ni\\apps\\admin_backend\\src\\modules\\identity\\dto\\user-management.dto.ts","statementMap":{"0":{"start":{"line":1,"column":0},"end":{"line":1,"column":null}},"1":{"start":{"line":9,"column":0},"end":{"line":9,"column":51}},"2":{"start":{"line":11,"column":0},"end":{"line":11,"column":13}},"3":{"start":{"line":14,"column":2},"end":{"line":14,"column":null}},"4":{"start":{"line":18,"column":2},"end":{"line":18,"column":null}},"5":{"start":{"line":21,"column":2},"end":{"line":21,"column":null}},"6":{"start":{"line":26,"column":2},"end":{"line":26,"column":null}},"7":{"start":{"line":31,"column":2},"end":{"line":31,"column":null}},"8":{"start":{"line":34,"column":0},"end":{"line":34,"column":13}},"9":{"start":{"line":37,"column":2},"end":{"line":37,"column":null}},"10":{"start":{"line":41,"column":2},"end":{"line":41,"column":null}},"11":{"start":{"line":46,"column":2},"end":{"line":46,"column":null}},"12":{"start":{"line":51,"column":2},"end":{"line":51,"column":null}}},"fnMap":{},"branchMap":{},"s":{"0":0,"1":0,"2":0,"3":0,"4":0,"5":0,"6":0,"7":0,"8":0,"9":0,"10":0,"11":0,"12":0},"f":{},"b":{}}
,"C:\\work\\omnifood-ni\\apps\\admin_backend\\src\\modules\\identity\\entities\\audit-log.entity.ts": {"path":"C:\\work\\omnifood-ni\\apps\\admin_backend\\src\\modules\\identity\\entities\\audit-log.entity.ts","statementMap":{"0":{"start":{"line":1,"column":0},"end":{"line":1,"column":null}},"1":{"start":{"line":10,"column":0},"end":{"line":10,"column":61}},"2":{"start":{"line":11,"column":0},"end":{"line":11,"column":37}},"3":{"start":{"line":22,"column":7},"end":{"line":75,"column":null}},"4":{"start":{"line":22,"column":13},"end":{"line":22,"column":21}},"5":{"start":{"line":24,"column":2},"end":{"line":24,"column":null}},"6":{"start":{"line":27,"column":2},"end":{"line":27,"column":null}},"7":{"start":{"line":31,"column":2},"end":{"line":31,"column":null}},"8":{"start":{"line":29,"column":19},"end":{"line":29,"column":25}},"9":{"start":{"line":34,"column":2},"end":{"line":34,"column":null}},"10":{"start":{"line":38,"column":2},"end":{"line":38,"column":null}},"11":{"start":{"line":36,"column":19},"end":{"line":36,"column":23}},"12":{"start":{"line":41,"column":2},"end":{"line":41,"column":null}},"13":{"start":{"line":44,"column":2},"end":{"line":44,"column":null}},"14":{"start":{"line":47,"column":2},"end":{"line":47,"column":null}},"15":{"start":{"line":50,"column":2},"end":{"line":50,"column":null}},"16":{"start":{"line":53,"column":2},"end":{"line":53,"column":null}},"17":{"start":{"line":56,"column":2},"end":{"line":56,"column":null}},"18":{"start":{"line":59,"column":2},"end":{"line":59,"column":null}},"19":{"start":{"line":62,"column":2},"end":{"line":62,"column":null}},"20":{"start":{"line":65,"column":2},"end":{"line":65,"column":null}},"21":{"start":{"line":68,"column":2},"end":{"line":68,"column":null}},"22":{"start":{"line":71,"column":2},"end":{"line":71,"column":null}},"23":{"start":{"line":74,"column":2},"end":{"line":74,"column":null}},"24":{"start":{"line":22,"column":13},"end":{"line":75,"column":null}}},"fnMap":{"0":{"name":"(anonymous_2)","decl":{"start":{"line":29,"column":13},"end":{"line":29,"column":16}},"loc":{"start":{"line":29,"column":19},"end":{"line":29,"column":25}}},"1":{"name":"(anonymous_3)","decl":{"start":{"line":36,"column":13},"end":{"line":36,"column":16}},"loc":{"start":{"line":36,"column":19},"end":{"line":36,"column":23}}}},"branchMap":{},"s":{"0":0,"1":0,"2":0,"3":0,"4":0,"5":0,"6":0,"7":0,"8":0,"9":0,"10":0,"11":0,"12":0,"13":0,"14":0,"15":0,"16":0,"17":0,"18":0,"19":0,"20":0,"21":0,"22":0,"23":0,"24":0},"f":{"0":0,"1":0},"b":{}}
,"C:\\work\\omnifood-ni\\apps\\admin_backend\\src\\modules\\identity\\entities\\security-profile.entity.ts": {"path":"C:\\work\\omnifood-ni\\apps\\admin_backend\\src\\modules\\identity\\entities\\security-profile.entity.ts","statementMap":{"0":{"start":{"line":1,"column":0},"end":{"line":1,"column":null}},"1":{"start":{"line":10,"column":0},"end":{"line":10,"column":37}},"2":{"start":{"line":11,"column":0},"end":{"line":11,"column":76}},"3":{"start":{"line":14,"column":7},"end":{"line":42,"column":null}},"4":{"start":{"line":14,"column":13},"end":{"line":14,"column":28}},"5":{"start":{"line":16,"column":2},"end":{"line":16,"column":null}},"6":{"start":{"line":19,"column":2},"end":{"line":19,"column":null}},"7":{"start":{"line":23,"column":2},"end":{"line":23,"column":null}},"8":{"start":{"line":21,"column":18},"end":{"line":21,"column":22}},"9":{"start":{"line":21,"column":34},"end":{"line":21,"column":55}},"10":{"start":{"line":26,"column":2},"end":{"line":26,"column":null}},"11":{"start":{"line":29,"column":2},"end":{"line":29,"column":null}},"12":{"start":{"line":32,"column":2},"end":{"line":32,"column":null}},"13":{"start":{"line":35,"column":2},"end":{"line":35,"column":null}},"14":{"start":{"line":38,"column":2},"end":{"line":38,"column":null}},"15":{"start":{"line":41,"column":2},"end":{"line":41,"column":null}},"16":{"start":{"line":14,"column":13},"end":{"line":42,"column":null}}},"fnMap":{"0":{"name":"(anonymous_2)","decl":{"start":{"line":21,"column":12},"end":{"line":21,"column":15}},"loc":{"start":{"line":21,"column":18},"end":{"line":21,"column":22}}},"1":{"name":"(anonymous_3)","decl":{"start":{"line":21,"column":24},"end":{"line":21,"column":25}},"loc":{"start":{"line":21,"column":34},"end":{"line":21,"column":55}}}},"branchMap":{},"s":{"0":1,"1":1,"2":1,"3":1,"4":1,"5":1,"6":1,"7":1,"8":0,"9":0,"10":1,"11":1,"12":1,"13":1,"14":1,"15":1,"16":1},"f":{"0":0,"1":0},"b":{}}
,"C:\\work\\omnifood-ni\\apps\\admin_backend\\src\\modules\\identity\\entities\\user.entity.ts": {"path":"C:\\work\\omnifood-ni\\apps\\admin_backend\\src\\modules\\identity\\entities\\user.entity.ts","statementMap":{"0":{"start":{"line":1,"column":0},"end":{"line":1,"column":null}},"1":{"start":{"line":11,"column":0},"end":{"line":11,"column":61}},"2":{"start":{"line":12,"column":0},"end":{"line":12,"column":60}},"3":{"start":{"line":14,"column":0},"end":{"line":14,"column":null}},"4":{"start":{"line":15,"column":2},"end":{"line":15,"column":null}},"5":{"start":{"line":16,"column":2},"end":{"line":16,"column":null}},"6":{"start":{"line":17,"column":2},"end":{"line":17,"column":null}},"7":{"start":{"line":18,"column":2},"end":{"line":18,"column":null}},"8":{"start":{"line":22,"column":7},"end":{"line":62,"column":null}},"9":{"start":{"line":22,"column":13},"end":{"line":22,"column":17}},"10":{"start":{"line":24,"column":2},"end":{"line":24,"column":null}},"11":{"start":{"line":27,"column":2},"end":{"line":27,"column":null}},"12":{"start":{"line":31,"column":2},"end":{"line":31,"column":null}},"13":{"start":{"line":29,"column":19},"end":{"line":29,"column":25}},"14":{"start":{"line":34,"column":2},"end":{"line":34,"column":null}},"15":{"start":{"line":37,"column":2},"end":{"line":37,"column":null}},"16":{"start":{"line":40,"column":2},"end":{"line":40,"column":null}},"17":{"start":{"line":43,"column":2},"end":{"line":43,"column":null}},"18":{"start":{"line":42,"column":18},"end":{"line":42,"column":33}},"19":{"start":{"line":42,"column":48},"end":{"line":42,"column":60}},"20":{"start":{"line":49,"column":2},"end":{"line":49,"column":null}},"21":{"start":{"line":52,"column":2},"end":{"line":52,"column":null}},"22":{"start":{"line":55,"column":2},"end":{"line":55,"column":null}},"23":{"start":{"line":58,"column":2},"end":{"line":58,"column":null}},"24":{"start":{"line":61,"column":2},"end":{"line":61,"column":null}},"25":{"start":{"line":22,"column":13},"end":{"line":62,"column":null}}},"fnMap":{"0":{"name":"(anonymous_2)","decl":{"start":{"line":14,"column":0},"end":{"line":14,"column":12}},"loc":{"start":{"line":14,"column":20},"end":{"line":19,"column":1}}},"1":{"name":"(anonymous_3)","decl":{"start":{"line":29,"column":13},"end":{"line":29,"column":16}},"loc":{"start":{"line":29,"column":19},"end":{"line":29,"column":25}}},"2":{"name":"(anonymous_4)","decl":{"start":{"line":42,"column":12},"end":{"line":42,"column":15}},"loc":{"start":{"line":42,"column":18},"end":{"line":42,"column":33}}},"3":{"name":"(anonymous_5)","decl":{"start":{"line":42,"column":35},"end":{"line":42,"column":36}},"loc":{"start":{"line":42,"column":48},"end":{"line":42,"column":60}}}},"branchMap":{"0":{"loc":{"start":{"line":14,"column":12},"end":{"line":14,"column":null}},"type":"binary-expr","locations":[{"start":{"line":14,"column":12},"end":{"line":14,"column":20}},{"start":{"line":14,"column":20},"end":{"line":14,"column":null}}]}},"s":{"0":1,"1":1,"2":1,"3":1,"4":1,"5":1,"6":1,"7":1,"8":1,"9":1,"10":1,"11":1,"12":1,"13":0,"14":1,"15":1,"16":1,"17":1,"18":0,"19":0,"20":1,"21":1,"22":1,"23":1,"24":1,"25":1},"f":{"0":1,"1":0,"2":0,"3":0},"b":{"0":[1,1]}}
,"C:\\work\\omnifood-ni\\apps\\admin_backend\\src\\modules\\identity\\guards\\auth.guard.ts": {"path":"C:\\work\\omnifood-ni\\apps\\admin_backend\\src\\modules\\identity\\guards\\auth.guard.ts","statementMap":{"0":{"start":{"line":1,"column":0},"end":{"line":1,"column":null}},"1":{"start":{"line":7,"column":0},"end":{"line":7,"column":41}},"2":{"start":{"line":8,"column":0},"end":{"line":8,"column":47}},"3":{"start":{"line":16,"column":7},"end":{"line":45,"column":null}},"4":{"start":{"line":18,"column":12},"end":{"line":18,"column":24}},"5":{"start":{"line":19,"column":12},"end":{"line":19,"column":27}},"6":{"start":{"line":23,"column":20},"end":{"line":23,"column":72}},"7":{"start":{"line":24,"column":18},"end":{"line":24,"column":54}},"8":{"start":{"line":25,"column":4},"end":{"line":27,"column":5}},"9":{"start":{"line":26,"column":6},"end":{"line":26,"column":40}},"10":{"start":{"line":28,"column":4},"end":{"line":35,"column":5}},"11":{"start":{"line":29,"column":31},"end":{"line":31,"column":8}},"12":{"start":{"line":32,"column":6},"end":{"line":32,"column":29}},"13":{"start":{"line":34,"column":6},"end":{"line":34,"column":40}},"14":{"start":{"line":36,"column":4},"end":{"line":36,"column":16}},"15":{"start":{"line":40,"column":23},"end":{"line":40,"column":52}},"16":{"start":{"line":41,"column":4},"end":{"line":41,"column":38}},"17":{"start":{"line":41,"column":21},"end":{"line":41,"column":38}},"18":{"start":{"line":42,"column":26},"end":{"line":42,"column":47}},"19":{"start":{"line":43,"column":4},"end":{"line":43,"column":49}},"20":{"start":{"line":16,"column":13},"end":{"line":16,"column":22}},"21":{"start":{"line":16,"column":13},"end":{"line":45,"column":null}}},"fnMap":{"0":{"name":"(anonymous_2)","decl":{"start":{"line":17,"column":2},"end":{"line":17,"column":null}},"loc":{"start":{"line":19,"column":40},"end":{"line":20,"column":6}}},"1":{"name":"(anonymous_3)","decl":{"start":{"line":22,"column":2},"end":{"line":22,"column":7}},"loc":{"start":{"line":22,"column":45},"end":{"line":37,"column":3}}},"2":{"name":"(anonymous_4)","decl":{"start":{"line":39,"column":10},"end":{"line":39,"column":32}},"loc":{"start":{"line":39,"column":49},"end":{"line":44,"column":3}}}},"branchMap":{"0":{"loc":{"start":{"line":25,"column":4},"end":{"line":27,"column":5}},"type":"if","locations":[{"start":{"line":25,"column":4},"end":{"line":27,"column":5}},{"start":{},"end":{}}]},"1":{"loc":{"start":{"line":41,"column":4},"end":{"line":41,"column":38}},"type":"if","locations":[{"start":{"line":41,"column":4},"end":{"line":41,"column":38}},{"start":{},"end":{}}]},"2":{"loc":{"start":{"line":43,"column":11},"end":{"line":43,"column":48}},"type":"cond-expr","locations":[{"start":{"line":43,"column":31},"end":{"line":43,"column":36}},{"start":{"line":43,"column":39},"end":{"line":43,"column":48}}]}},"s":{"0":0,"1":0,"2":0,"3":0,"4":0,"5":0,"6":0,"7":0,"8":0,"9":0,"10":0,"11":0,"12":0,"13":0,"14":0,"15":0,"16":0,"17":0,"18":0,"19":0,"20":0,"21":0},"f":{"0":0,"1":0,"2":0},"b":{"0":[0,0],"1":[0,0],"2":[0,0]}}
,"C:\\work\\omnifood-ni\\apps\\admin_backend\\src\\modules\\identity\\guards\\roles.guard.ts": {"path":"C:\\work\\omnifood-ni\\apps\\admin_backend\\src\\modules\\identity\\guards\\roles.guard.ts","statementMap":{"0":{"start":{"line":1,"column":0},"end":{"line":1,"column":75}},"1":{"start":{"line":2,"column":0},"end":{"line":2,"column":41}},"2":{"start":{"line":5,"column":0},"end":{"line":5,"column":69}},"3":{"start":{"line":14,"column":7},"end":{"line":31,"column":null}},"4":{"start":{"line":15,"column":22},"end":{"line":15,"column":33}},"5":{"start":{"line":18,"column":26},"end":{"line":20,"column":null}},"6":{"start":{"line":22,"column":4},"end":{"line":24,"column":5}},"7":{"start":{"line":23,"column":6},"end":{"line":23,"column":18}},"8":{"start":{"line":25,"column":20},"end":{"line":25,"column":72}},"9":{"start":{"line":26,"column":17},"end":{"line":26,"column":29}},"10":{"start":{"line":27,"column":4},"end":{"line":27,"column":28}},"11":{"start":{"line":27,"column":15},"end":{"line":27,"column":28}},"12":{"start":{"line":29,"column":4},"end":{"line":29,"column":60}},"13":{"start":{"line":29,"column":40},"end":{"line":29,"column":58}},"14":{"start":{"line":14,"column":13},"end":{"line":14,"column":23}},"15":{"start":{"line":14,"column":13},"end":{"line":31,"column":null}}},"fnMap":{"0":{"name":"(anonymous_2)","decl":{"start":{"line":15,"column":2},"end":{"line":15,"column":22}},"loc":{"start":{"line":15,"column":42},"end":{"line":15,"column":46}}},"1":{"name":"(anonymous_3)","decl":{"start":{"line":17,"column":2},"end":{"line":17,"column":13}},"loc":{"start":{"line":17,"column":39},"end":{"line":30,"column":3}}},"2":{"name":"(anonymous_4)","decl":{"start":{"line":29,"column":30},"end":{"line":29,"column":31}},"loc":{"start":{"line":29,"column":40},"end":{"line":29,"column":58}}}},"branchMap":{"0":{"loc":{"start":{"line":22,"column":4},"end":{"line":24,"column":5}},"type":"if","locations":[{"start":{"line":22,"column":4},"end":{"line":24,"column":5}},{"start":{},"end":{}}]},"1":{"loc":{"start":{"line":27,"column":4},"end":{"line":27,"column":28}},"type":"if","locations":[{"start":{"line":27,"column":4},"end":{"line":27,"column":28}},{"start":{},"end":{}}]}},"s":{"0":0,"1":0,"2":0,"3":0,"4":0,"5":0,"6":0,"7":0,"8":0,"9":0,"10":0,"11":0,"12":0,"13":0,"14":0,"15":0},"f":{"0":0,"1":0,"2":0},"b":{"0":[0,0],"1":[0,0]}}
,"C:\\work\\omnifood-ni\\apps\\admin_backend\\src\\modules\\identity\\security\\totp-secret.transformer.ts": {"path":"C:\\work\\omnifood-ni\\apps\\admin_backend\\src\\modules\\identity\\security\\totp-secret.transformer.ts","statementMap":{"0":{"start":{"line":1,"column":0},"end":{"line":1,"column":33}},"1":{"start":{"line":4,"column":26},"end":{"line":4,"column":35}},"2":{"start":{"line":6,"column":18},"end":{"line":14,"column":1}},"3":{"start":{"line":7,"column":21},"end":{"line":7,"column":57}},"4":{"start":{"line":8,"column":2},"end":{"line":12,"column":3}},"5":{"start":{"line":9,"column":4},"end":{"line":11,"column":6}},"6":{"start":{"line":13,"column":2},"end":{"line":13,"column":65}},"7":{"start":{"line":16,"column":16},"end":{"line":25,"column":1}},"8":{"start":{"line":17,"column":13},"end":{"line":17,"column":35}},"9":{"start":{"line":18,"column":17},"end":{"line":18,"column":70}},"10":{"start":{"line":19,"column":20},"end":{"line":22,"column":4}},"11":{"start":{"line":23,"column":14},"end":{"line":23,"column":33}},"12":{"start":{"line":24,"column":2},"end":{"line":24,"column":114}},"13":{"start":{"line":27,"column":16},"end":{"line":44,"column":1}},"14":{"start":{"line":28,"column":2},"end":{"line":30,"column":3}},"15":{"start":{"line":29,"column":4},"end":{"line":29,"column":17}},"16":{"start":{"line":31,"column":18},"end":{"line":31,"column":59}},"17":{"start":{"line":32,"column":40},"end":{"line":32,"column":58}},"18":{"start":{"line":33,"column":19},"end":{"line":36,"column":null}},"19":{"start":{"line":38,"column":2},"end":{"line":38,"column":53}},"20":{"start":{"line":39,"column":20},"end":{"line":42,"column":4}},"21":{"start":{"line":43,"column":2},"end":{"line":43,"column":36}},"22":{"start":{"line":46,"column":13},"end":{"line":50,"column":2}},"23":{"start":{"line":47,"column":48},"end":{"line":47,"column":77}},"24":{"start":{"line":49,"column":4},"end":{"line":49,"column":33}}},"fnMap":{"0":{"name":"(anonymous_0)","decl":{"start":{"line":6,"column":18},"end":{"line":6,"column":29}},"loc":{"start":{"line":6,"column":31},"end":{"line":14,"column":1}}},"1":{"name":"(anonymous_1)","decl":{"start":{"line":16,"column":16},"end":{"line":16,"column":17}},"loc":{"start":{"line":16,"column":42},"end":{"line":25,"column":1}}},"2":{"name":"(anonymous_2)","decl":{"start":{"line":27,"column":16},"end":{"line":27,"column":17}},"loc":{"start":{"line":27,"column":42},"end":{"line":44,"column":1}}},"3":{"name":"(anonymous_3)","decl":{"start":{"line":47,"column":6},"end":{"line":47,"column":7}},"loc":{"start":{"line":47,"column":48},"end":{"line":47,"column":77}}},"4":{"name":"(anonymous_4)","decl":{"start":{"line":48,"column":8},"end":{"line":48,"column":9}},"loc":{"start":{"line":49,"column":4},"end":{"line":49,"column":33}}}},"branchMap":{"0":{"loc":{"start":{"line":8,"column":2},"end":{"line":12,"column":3}},"type":"if","locations":[{"start":{"line":8,"column":2},"end":{"line":12,"column":3}},{"start":{},"end":{}}]},"1":{"loc":{"start":{"line":8,"column":6},"end":{"line":8,"column":50}},"type":"binary-expr","locations":[{"start":{"line":8,"column":6},"end":{"line":8,"column":17}},{"start":{"line":8,"column":21},"end":{"line":8,"column":50}}]},"2":{"loc":{"start":{"line":28,"column":2},"end":{"line":30,"column":3}},"type":"if","locations":[{"start":{"line":28,"column":2},"end":{"line":30,"column":3}},{"start":{},"end":{}}]},"3":{"loc":{"start":{"line":47,"column":48},"end":{"line":47,"column":77}},"type":"cond-expr","locations":[{"start":{"line":47,"column":56},"end":{"line":47,"column":70}},{"start":{"line":47,"column":73},"end":{"line":47,"column":77}}]},"4":{"loc":{"start":{"line":49,"column":4},"end":{"line":49,"column":33}},"type":"cond-expr","locations":[{"start":{"line":49,"column":12},"end":{"line":49,"column":26}},{"start":{"line":49,"column":29},"end":{"line":49,"column":33}}]}},"s":{"0":1,"1":1,"2":1,"3":0,"4":0,"5":0,"6":0,"7":1,"8":0,"9":0,"10":0,"11":0,"12":0,"13":1,"14":0,"15":0,"16":0,"17":0,"18":0,"19":0,"20":0,"21":0,"22":1,"23":0,"24":0},"f":{"0":0,"1":0,"2":0,"3":0,"4":0},"b":{"0":[0,0],"1":[0,0],"2":[0,0],"3":[0,0],"4":[0,0]}}
,"C:\\work\\omnifood-ni\\apps\\admin_backend\\src\\modules\\identity\\services\\auth.service.ts": {"path":"C:\\work\\omnifood-ni\\apps\\admin_backend\\src\\modules\\identity\\services\\auth.service.ts","statementMap":{"0":{"start":{"line":1,"column":0},"end":{"line":1,"column":67}},"1":{"start":{"line":2,"column":0},"end":{"line":2,"column":41}},"2":{"start":{"line":3,"column":0},"end":{"line":3,"column":51}},"3":{"start":{"line":4,"column":0},"end":{"line":4,"column":37}},"4":{"start":{"line":5,"column":0},"end":{"line":5,"column":33}},"5":{"start":{"line":6,"column":0},"end":{"line":6,"column":47}},"6":{"start":{"line":7,"column":0},"end":{"line":7,"column":51}},"7":{"start":{"line":9,"column":19},"end":{"line":11,"column":11}},"8":{"start":{"line":32,"column":25},"end":{"line":32,"column":65}},"9":{"start":{"line":34,"column":19},"end":{"line":35,"column":58}},"10":{"start":{"line":35,"column":2},"end":{"line":35,"column":58}},"11":{"start":{"line":37,"column":20},"end":{"line":38,"column":42}},"12":{"start":{"line":38,"column":2},"end":{"line":38,"column":42}},"13":{"start":{"line":41,"column":7},"end":{"line":240,"column":null}},"14":{"start":{"line":44,"column":12},"end":{"line":44,"column":28}},"15":{"start":{"line":45,"column":12},"end":{"line":45,"column":24}},"16":{"start":{"line":49,"column":17},"end":{"line":52,"column":6}},"17":{"start":{"line":54,"column":4},"end":{"line":56,"column":5}},"18":{"start":{"line":55,"column":6},"end":{"line":55,"column":64}},"19":{"start":{"line":58,"column":19},"end":{"line":62,"column":null}},"20":{"start":{"line":64,"column":4},"end":{"line":64,"column":65}},"21":{"start":{"line":66,"column":4},"end":{"line":74,"column":6}},"22":{"start":{"line":78,"column":17},"end":{"line":81,"column":6}},"23":{"start":{"line":83,"column":4},"end":{"line":85,"column":5}},"24":{"start":{"line":84,"column":6},"end":{"line":84,"column":57}},"25":{"start":{"line":87,"column":32},"end":{"line":89,"column":null}},"26":{"start":{"line":91,"column":4},"end":{"line":93,"column":5}},"27":{"start":{"line":92,"column":6},"end":{"line":92,"column":56}},"28":{"start":{"line":95,"column":19},"end":{"line":99,"column":null}},"29":{"start":{"line":101,"column":4},"end":{"line":101,"column":65}},"30":{"start":{"line":102,"column":4},"end":{"line":102,"column":18}},"31":{"start":{"line":106,"column":31},"end":{"line":106,"column":66}},"32":{"start":{"line":107,"column":4},"end":{"line":109,"column":7}},"33":{"start":{"line":118,"column":20},"end":{"line":118,"column":69}},"34":{"start":{"line":119,"column":21},"end":{"line":122,"column":6}},"35":{"start":{"line":124,"column":4},"end":{"line":127,"column":6}},"36":{"start":{"line":136,"column":34},"end":{"line":138,"column":17}},"37":{"start":{"line":139,"column":26},"end":{"line":139,"column":72}},"38":{"start":{"line":142,"column":6},"end":{"line":143,"column":48}},"39":{"start":{"line":145,"column":6},"end":{"line":145,"column":54}},"40":{"start":{"line":147,"column":6},"end":{"line":149,"column":50}},"41":{"start":{"line":151,"column":15},"end":{"line":166,"column":65}},"42":{"start":{"line":168,"column":4},"end":{"line":172,"column":5}},"43":{"start":{"line":169,"column":6},"end":{"line":171,"column":8}},"44":{"start":{"line":174,"column":18},"end":{"line":174,"column":36}},"45":{"start":{"line":176,"column":18},"end":{"line":218,"column":null}},"46":{"start":{"line":177,"column":32},"end":{"line":218,"column":8}},"47":{"start":{"line":186,"column":29},"end":{"line":186,"column":79}},"48":{"start":{"line":188,"column":16},"end":{"line":188,"column":78}},"49":{"start":{"line":190,"column":16},"end":{"line":190,"column":69}},"50":{"start":{"line":192,"column":16},"end":{"line":193,"column":61}},"51":{"start":{"line":194,"column":28},"end":{"line":202,"column":28}},"52":{"start":{"line":204,"column":14},"end":{"line":215,"column":16}},"53":{"start":{"line":221,"column":4},"end":{"line":228,"column":5}},"54":{"start":{"line":222,"column":6},"end":{"line":227,"column":8}},"55":{"start":{"line":230,"column":4},"end":{"line":230,"column":17}},"56":{"start":{"line":234,"column":4},"end":{"line":234,"column":37}},"57":{"start":{"line":238,"column":4},"end":{"line":238,"column":32}},"58":{"start":{"line":41,"column":13},"end":{"line":41,"column":24}},"59":{"start":{"line":41,"column":13},"end":{"line":240,"column":null}}},"fnMap":{"0":{"name":"(anonymous_4)","decl":{"start":{"line":34,"column":19},"end":{"line":34,"column":20}},"loc":{"start":{"line":35,"column":2},"end":{"line":35,"column":58}}},"1":{"name":"(anonymous_5)","decl":{"start":{"line":37,"column":20},"end":{"line":37,"column":21}},"loc":{"start":{"line":38,"column":2},"end":{"line":38,"column":42}}},"2":{"name":"(anonymous_6)","decl":{"start":{"line":42,"column":2},"end":{"line":42,"column":null}},"loc":{"start":{"line":45,"column":34},"end":{"line":46,"column":6}}},"3":{"name":"(anonymous_7)","decl":{"start":{"line":48,"column":2},"end":{"line":48,"column":7}},"loc":{"start":{"line":48,"column":41},"end":{"line":75,"column":3}}},"4":{"name":"(anonymous_8)","decl":{"start":{"line":77,"column":2},"end":{"line":77,"column":7}},"loc":{"start":{"line":77,"column":58},"end":{"line":103,"column":3}}},"5":{"name":"(anonymous_9)","decl":{"start":{"line":105,"column":2},"end":{"line":105,"column":7}},"loc":{"start":{"line":105,"column":63},"end":{"line":110,"column":3}}},"6":{"name":"(anonymous_10)","decl":{"start":{"line":112,"column":2},"end":{"line":112,"column":7}},"loc":{"start":{"line":116,"column":16},"end":{"line":128,"column":3}}},"7":{"name":"(anonymous_11)","decl":{"start":{"line":130,"column":2},"end":{"line":130,"column":7}},"loc":{"start":{"line":134,"column":22},"end":{"line":231,"column":3}}},"8":{"name":"(anonymous_12)","decl":{"start":{"line":177,"column":6},"end":{"line":177,"column":7}},"loc":{"start":{"line":177,"column":32},"end":{"line":218,"column":8}}},"9":{"name":"(anonymous_13)","decl":{"start":{"line":185,"column":13},"end":{"line":185,"column":16}},"loc":{"start":{"line":185,"column":18},"end":{"line":216,"column":13}}},"10":{"name":"(anonymous_14)","decl":{"start":{"line":233,"column":2},"end":{"line":233,"column":7}},"loc":{"start":{"line":233,"column":37},"end":{"line":235,"column":3}}},"11":{"name":"(anonymous_15)","decl":{"start":{"line":237,"column":2},"end":{"line":237,"column":7}},"loc":{"start":{"line":237,"column":27},"end":{"line":239,"column":3}}}},"branchMap":{"0":{"loc":{"start":{"line":35,"column":2},"end":{"line":35,"column":58}},"type":"binary-expr","locations":[{"start":{"line":35,"column":2},"end":{"line":35,"column":27}},{"start":{"line":35,"column":31},"end":{"line":35,"column":58}}]},"1":{"loc":{"start":{"line":54,"column":4},"end":{"line":56,"column":5}},"type":"if","locations":[{"start":{"line":54,"column":4},"end":{"line":56,"column":5}},{"start":{},"end":{}}]},"2":{"loc":{"start":{"line":54,"column":8},"end":{"line":54,"column":66}},"type":"binary-expr","locations":[{"start":{"line":54,"column":8},"end":{"line":54,"column":13}},{"start":{"line":54,"column":17},"end":{"line":54,"column":66}}]},"3":{"loc":{"start":{"line":83,"column":4},"end":{"line":85,"column":5}},"type":"if","locations":[{"start":{"line":83,"column":4},"end":{"line":85,"column":5}},{"start":{},"end":{}}]},"4":{"loc":{"start":{"line":83,"column":8},"end":{"line":83,"column":43}},"type":"binary-expr","locations":[{"start":{"line":83,"column":8},"end":{"line":83,"column":13}},{"start":{"line":83,"column":17},"end":{"line":83,"column":43}}]},"5":{"loc":{"start":{"line":91,"column":4},"end":{"line":93,"column":5}},"type":"if","locations":[{"start":{"line":91,"column":4},"end":{"line":93,"column":5}},{"start":{},"end":{}}]},"6":{"loc":{"start":{"line":136,"column":34},"end":{"line":138,"column":17}},"type":"cond-expr","locations":[{"start":{"line":137,"column":8},"end":{"line":137,"column":21}},{"start":{"line":138,"column":8},"end":{"line":138,"column":17}}]},"7":{"loc":{"start":{"line":139,"column":26},"end":{"line":139,"column":72}},"type":"cond-expr","locations":[{"start":{"line":139,"column":51},"end":{"line":139,"column":60}},{"start":{"line":139,"column":63},"end":{"line":139,"column":72}}]},"8":{"loc":{"start":{"line":142,"column":6},"end":{"line":143,"column":48}},"type":"binary-expr","locations":[{"start":{"line":142,"column":6},"end":{"line":142,"column":46}},{"start":{"line":143,"column":6},"end":{"line":143,"column":48}}]},"9":{"loc":{"start":{"line":147,"column":6},"end":{"line":149,"column":50}},"type":"binary-expr","locations":[{"start":{"line":147,"column":6},"end":{"line":147,"column":30}},{"start":{"line":148,"column":7},"end":{"line":148,"column":49}},{"start":{"line":149,"column":8},"end":{"line":149,"column":49}}]},"10":{"loc":{"start":{"line":168,"column":4},"end":{"line":172,"column":5}},"type":"if","locations":[{"start":{"line":168,"column":4},"end":{"line":172,"column":5}},{"start":{},"end":{}}]},"11":{"loc":{"start":{"line":168,"column":8},"end":{"line":168,"column":58}},"type":"binary-expr","locations":[{"start":{"line":168,"column":8},"end":{"line":168,"column":31}},{"start":{"line":168,"column":35},"end":{"line":168,"column":58}}]},"12":{"loc":{"start":{"line":184,"column":26},"end":{"line":217,"column":16}},"type":"cond-expr","locations":[{"start":{"line":185,"column":12},"end":{"line":216,"column":16}},{"start":{"line":217,"column":12},"end":{"line":217,"column":16}}]},"13":{"loc":{"start":{"line":186,"column":29},"end":{"line":186,"column":79}},"type":"binary-expr","locations":[{"start":{"line":186,"column":29},"end":{"line":186,"column":52}},{"start":{"line":186,"column":56},"end":{"line":186,"column":79}}]},"14":{"loc":{"start":{"line":188,"column":16},"end":{"line":188,"column":78}},"type":"binary-expr","locations":[{"start":{"line":188,"column":16},"end":{"line":188,"column":44}},{"start":{"line":188,"column":48},"end":{"line":188,"column":78}}]},"15":{"loc":{"start":{"line":190,"column":16},"end":{"line":190,"column":69}},"type":"binary-expr","locations":[{"start":{"line":190,"column":16},"end":{"line":190,"column":39}},{"start":{"line":190,"column":43},"end":{"line":190,"column":49}},{"start":{"line":190,"column":53},"end":{"line":190,"column":69}}]},"16":{"loc":{"start":{"line":192,"column":16},"end":{"line":193,"column":61}},"type":"binary-expr","locations":[{"start":{"line":192,"column":16},"end":{"line":192,"column":39}},{"start":{"line":193,"column":17},"end":{"line":193,"column":40}},{"start":{"line":193,"column":44},"end":{"line":193,"column":60}}]},"17":{"loc":{"start":{"line":194,"column":28},"end":{"line":202,"column":28}},"type":"cond-expr","locations":[{"start":{"line":195,"column":18},"end":{"line":199,"column":30}},{"start":{"line":200,"column":18},"end":{"line":202,"column":28}}]},"18":{"loc":{"start":{"line":195,"column":18},"end":{"line":199,"column":30}},"type":"cond-expr","locations":[{"start":{"line":196,"column":20},"end":{"line":196,"column":26}},{"start":{"line":197,"column":20},"end":{"line":199,"column":30}}]},"19":{"loc":{"start":{"line":197,"column":20},"end":{"line":199,"column":30}},"type":"cond-expr","locations":[{"start":{"line":198,"column":22},"end":{"line":198,"column":34}},{"start":{"line":199,"column":22},"end":{"line":199,"column":30}}]},"20":{"loc":{"start":{"line":200,"column":18},"end":{"line":202,"column":28}},"type":"cond-expr","locations":[{"start":{"line":201,"column":20},"end":{"line":201,"column":26}},{"start":{"line":202,"column":20},"end":{"line":202,"column":28}}]},"21":{"loc":{"start":{"line":206,"column":26},"end":{"line":208,"column":24}},"type":"cond-expr","locations":[{"start":{"line":207,"column":20},"end":{"line":207,"column":50}},{"start":{"line":208,"column":20},"end":{"line":208,"column":24}}]},"22":{"loc":{"start":{"line":209,"column":34},"end":{"line":211,"column":24}},"type":"cond-expr","locations":[{"start":{"line":210,"column":20},"end":{"line":210,"column":58}},{"start":{"line":211,"column":20},"end":{"line":211,"column":24}}]},"23":{"loc":{"start":{"line":221,"column":4},"end":{"line":228,"column":5}},"type":"if","locations":[{"start":{"line":221,"column":4},"end":{"line":228,"column":5}},{"start":{},"end":{}}]}},"s":{"0":1,"1":1,"2":1,"3":1,"4":1,"5":1,"6":1,"7":1,"8":1,"9":1,"10":9,"11":1,"12":9,"13":1,"14":13,"15":13,"16":2,"17":2,"18":1,"19":1,"20":1,"21":1,"22":2,"23":2,"24":1,"25":1,"26":1,"27":0,"28":1,"29":1,"30":1,"31":2,"32":2,"33":2,"34":2,"35":2,"36":9,"37":9,"38":9,"39":9,"40":9,"41":9,"42":9,"43":5,"44":9,"45":9,"46":12,"47":9,"48":9,"49":9,"50":9,"51":9,"52":9,"53":9,"54":3,"55":6,"56":0,"57":0,"58":1,"59":1},"f":{"0":9,"1":9,"2":13,"3":2,"4":2,"5":2,"6":2,"7":9,"8":12,"9":9,"10":0,"11":0},"b":{"0":[9,9],"1":[1,1],"2":[2,2],"3":[1,1],"4":[2,2],"5":[0,1],"6":[8,1],"7":[3,6],"8":[9,8],"9":[9,3,0],"10":[5,4],"11":[9,7],"12":[9,3],"13":[9,5],"14":[9,9],"15":[9,8,6],"16":[9,8,5],"17":[5,4],"18":[2,3],"19":[2,1],"20":[1,3],"21":[5,4],"22":[3,6],"23":[3,6]}}
,"C:\\work\\omnifood-ni\\apps\\admin_backend\\src\\modules\\identity\\services\\user.service.ts": {"path":"C:\\work\\omnifood-ni\\apps\\admin_backend\\src\\modules\\identity\\services\\user.service.ts","statementMap":{"0":{"start":{"line":1,"column":0},"end":{"line":1,"column":null}},"1":{"start":{"line":6,"column":0},"end":{"line":6,"column":51}},"2":{"start":{"line":7,"column":0},"end":{"line":7,"column":37}},"3":{"start":{"line":8,"column":0},"end":{"line":8,"column":33}},"4":{"start":{"line":9,"column":0},"end":{"line":9,"column":47}},"5":{"start":{"line":10,"column":0},"end":{"line":10,"column":56}},"6":{"start":{"line":11,"column":0},"end":{"line":11,"column":70}},"7":{"start":{"line":15,"column":7},"end":{"line":150,"column":null}},"8":{"start":{"line":18,"column":12},"end":{"line":18,"column":28}},"9":{"start":{"line":20,"column":12},"end":{"line":20,"column":29}},"10":{"start":{"line":22,"column":12},"end":{"line":22,"column":39}},"11":{"start":{"line":26,"column":4},"end":{"line":29,"column":7}},"12":{"start":{"line":33,"column":4},"end":{"line":33,"column":75}},"13":{"start":{"line":41,"column":21},"end":{"line":43,"column":6}},"14":{"start":{"line":44,"column":4},"end":{"line":46,"column":5}},"15":{"start":{"line":45,"column":6},"end":{"line":45,"column":65}},"16":{"start":{"line":48,"column":17},"end":{"line":48,"column":27}},"17":{"start":{"line":49,"column":4},"end":{"line":49,"column":27}},"18":{"start":{"line":50,"column":4},"end":{"line":50,"column":25}},"19":{"start":{"line":51,"column":4},"end":{"line":51,"column":25}},"20":{"start":{"line":52,"column":4},"end":{"line":52,"column":30}},"21":{"start":{"line":53,"column":4},"end":{"line":53,"column":26}},"22":{"start":{"line":55,"column":4},"end":{"line":57,"column":5}},"23":{"start":{"line":56,"column":6},"end":{"line":56,"column":63}},"24":{"start":{"line":59,"column":22},"end":{"line":59,"column":58}},"25":{"start":{"line":61,"column":4},"end":{"line":68,"column":5}},"26":{"start":{"line":62,"column":22},"end":{"line":66,"column":8}},"27":{"start":{"line":67,"column":6},"end":{"line":67,"column":57}},"28":{"start":{"line":70,"column":4},"end":{"line":70,"column":74}},"29":{"start":{"line":72,"column":4},"end":{"line":72,"column":21}},"30":{"start":{"line":81,"column":17},"end":{"line":83,"column":6}},"31":{"start":{"line":84,"column":4},"end":{"line":86,"column":5}},"32":{"start":{"line":85,"column":6},"end":{"line":85,"column":59}},"33":{"start":{"line":88,"column":4},"end":{"line":88,"column":39}},"34":{"start":{"line":88,"column":18},"end":{"line":88,"column":39}},"35":{"start":{"line":89,"column":4},"end":{"line":89,"column":39}},"36":{"start":{"line":89,"column":18},"end":{"line":89,"column":39}},"37":{"start":{"line":91,"column":4},"end":{"line":93,"column":5}},"38":{"start":{"line":92,"column":6},"end":{"line":92,"column":63}},"39":{"start":{"line":95,"column":24},"end":{"line":95,"column":60}},"40":{"start":{"line":97,"column":4},"end":{"line":107,"column":5}},"41":{"start":{"line":98,"column":30},"end":{"line":100,"column":8}},"42":{"start":{"line":102,"column":8},"end":{"line":103,"column":74}},"43":{"start":{"line":104,"column":6},"end":{"line":104,"column":56}},"44":{"start":{"line":105,"column":6},"end":{"line":105,"column":36}},"45":{"start":{"line":106,"column":6},"end":{"line":106,"column":57}},"46":{"start":{"line":109,"column":4},"end":{"line":109,"column":76}},"47":{"start":{"line":111,"column":4},"end":{"line":111,"column":23}},"48":{"start":{"line":119,"column":17},"end":{"line":121,"column":6}},"49":{"start":{"line":122,"column":4},"end":{"line":124,"column":5}},"50":{"start":{"line":123,"column":6},"end":{"line":123,"column":59}},"51":{"start":{"line":126,"column":4},"end":{"line":126,"column":27}},"52":{"start":{"line":127,"column":4},"end":{"line":127,"column":41}},"53":{"start":{"line":129,"column":4},"end":{"line":129,"column":68}},"54":{"start":{"line":138,"column":16},"end":{"line":138,"column":30}},"55":{"start":{"line":139,"column":4},"end":{"line":139,"column":24}},"56":{"start":{"line":140,"column":4},"end":{"line":140,"column":29}},"57":{"start":{"line":141,"column":4},"end":{"line":141,"column":29}},"58":{"start":{"line":142,"column":4},"end":{"line":142,"column":29}},"59":{"start":{"line":143,"column":4},"end":{"line":143,"column":26}},"60":{"start":{"line":144,"column":4},"end":{"line":144,"column":32}},"61":{"start":{"line":145,"column":4},"end":{"line":145,"column":31}},"62":{"start":{"line":146,"column":4},"end":{"line":146,"column":59}},"63":{"start":{"line":148,"column":4},"end":{"line":148,"column":41}},"64":{"start":{"line":15,"column":13},"end":{"line":15,"column":24}},"65":{"start":{"line":15,"column":13},"end":{"line":150,"column":null}}},"fnMap":{"0":{"name":"(anonymous_4)","decl":{"start":{"line":16,"column":2},"end":{"line":16,"column":null}},"loc":{"start":{"line":22,"column":66},"end":{"line":23,"column":6}}},"1":{"name":"(anonymous_5)","decl":{"start":{"line":25,"column":2},"end":{"line":25,"column":7}},"loc":{"start":{"line":25,"column":37},"end":{"line":30,"column":3}}},"2":{"name":"(anonymous_6)","decl":{"start":{"line":32,"column":2},"end":{"line":32,"column":7}},"loc":{"start":{"line":32,"column":27},"end":{"line":34,"column":3}}},"3":{"name":"(anonymous_7)","decl":{"start":{"line":36,"column":2},"end":{"line":36,"column":7}},"loc":{"start":{"line":39,"column":19},"end":{"line":73,"column":3}}},"4":{"name":"(anonymous_8)","decl":{"start":{"line":75,"column":2},"end":{"line":75,"column":7}},"loc":{"start":{"line":79,"column":19},"end":{"line":112,"column":3}}},"5":{"name":"(anonymous_9)","decl":{"start":{"line":114,"column":2},"end":{"line":114,"column":7}},"loc":{"start":{"line":117,"column":19},"end":{"line":130,"column":3}}},"6":{"name":"(anonymous_10)","decl":{"start":{"line":132,"column":10},"end":{"line":132,"column":15}},"loc":{"start":{"line":136,"column":19},"end":{"line":149,"column":3}}}},"branchMap":{"0":{"loc":{"start":{"line":44,"column":4},"end":{"line":46,"column":5}},"type":"if","locations":[{"start":{"line":44,"column":4},"end":{"line":46,"column":5}},{"start":{},"end":{}}]},"1":{"loc":{"start":{"line":55,"column":4},"end":{"line":57,"column":5}},"type":"if","locations":[{"start":{"line":55,"column":4},"end":{"line":57,"column":5}},{"start":{},"end":{}}]},"2":{"loc":{"start":{"line":61,"column":4},"end":{"line":68,"column":5}},"type":"if","locations":[{"start":{"line":61,"column":4},"end":{"line":68,"column":5}},{"start":{},"end":{}}]},"3":{"loc":{"start":{"line":84,"column":4},"end":{"line":86,"column":5}},"type":"if","locations":[{"start":{"line":84,"column":4},"end":{"line":86,"column":5}},{"start":{},"end":{}}]},"4":{"loc":{"start":{"line":88,"column":4},"end":{"line":88,"column":39}},"type":"if","locations":[{"start":{"line":88,"column":4},"end":{"line":88,"column":39}},{"start":{},"end":{}}]},"5":{"loc":{"start":{"line":89,"column":4},"end":{"line":89,"column":39}},"type":"if","locations":[{"start":{"line":89,"column":4},"end":{"line":89,"column":39}},{"start":{},"end":{}}]},"6":{"loc":{"start":{"line":91,"column":4},"end":{"line":93,"column":5}},"type":"if","locations":[{"start":{"line":91,"column":4},"end":{"line":93,"column":5}},{"start":{},"end":{}}]},"7":{"loc":{"start":{"line":97,"column":4},"end":{"line":107,"column":5}},"type":"if","locations":[{"start":{"line":97,"column":4},"end":{"line":107,"column":5}},{"start":{},"end":{}}]},"8":{"loc":{"start":{"line":102,"column":8},"end":{"line":103,"column":74}},"type":"binary-expr","locations":[{"start":{"line":102,"column":8},"end":{"line":102,"column":23}},{"start":{"line":103,"column":8},"end":{"line":103,"column":74}}]},"9":{"loc":{"start":{"line":122,"column":4},"end":{"line":124,"column":5}},"type":"if","locations":[{"start":{"line":122,"column":4},"end":{"line":124,"column":5}},{"start":{},"end":{}}]}},"s":{"0":0,"1":0,"2":0,"3":0,"4":0,"5":0,"6":0,"7":0,"8":0,"9":0,"10":0,"11":0,"12":0,"13":0,"14":0,"15":0,"16":0,"17":0,"18":0,"19":0,"20":0,"21":0,"22":0,"23":0,"24":0,"25":0,"26":0,"27":0,"28":0,"29":0,"30":0,"31":0,"32":0,"33":0,"34":0,"35":0,"36":0,"37":0,"38":0,"39":0,"40":0,"41":0,"42":0,"43":0,"44":0,"45":0,"46":0,"47":0,"48":0,"49":0,"50":0,"51":0,"52":0,"53":0,"54":0,"55":0,"56":0,"57":0,"58":0,"59":0,"60":0,"61":0,"62":0,"63":0,"64":0,"65":0},"f":{"0":0,"1":0,"2":0,"3":0,"4":0,"5":0,"6":0},"b":{"0":[0,0],"1":[0,0],"2":[0,0],"3":[0,0],"4":[0,0],"5":[0,0],"6":[0,0],"7":[0,0],"8":[0,0],"9":[0,0]}}
,"C:\\work\\omnifood-ni\\apps\\admin_backend\\src\\modules\\inventory\\cost-calculator.service.ts": {"path":"C:\\work\\omnifood-ni\\apps\\admin_backend\\src\\modules\\inventory\\cost-calculator.service.ts","statementMap":{"0":{"start":{"line":1,"column":0},"end":{"line":1,"column":44}},"1":{"start":{"line":4,"column":7},"end":{"line":26,"column":null}},"2":{"start":{"line":15,"column":29},"end":{"line":15,"column":78}},"3":{"start":{"line":16,"column":25},"end":{"line":16,"column":76}},"4":{"start":{"line":17,"column":26},"end":{"line":17,"column":73}},"5":{"start":{"line":19,"column":4},"end":{"line":21,"column":5}},"6":{"start":{"line":20,"column":6},"end":{"line":20,"column":15}},"7":{"start":{"line":23,"column":27},"end":{"line":23,"column":76}},"8":{"start":{"line":24,"column":4},"end":{"line":24,"column":45}},"9":{"start":{"line":4,"column":13},"end":{"line":4,"column":34}},"10":{"start":{"line":4,"column":13},"end":{"line":26,"column":null}}},"fnMap":{"0":{"name":"(anonymous_1)","decl":{"start":{"line":9,"column":2},"end":{"line":9,"column":22}},"loc":{"start":{"line":13,"column":28},"end":{"line":25,"column":3}}}},"branchMap":{"0":{"loc":{"start":{"line":19,"column":4},"end":{"line":21,"column":5}},"type":"if","locations":[{"start":{"line":19,"column":4},"end":{"line":21,"column":5}},{"start":{},"end":{}}]}},"s":{"0":0,"1":0,"2":0,"3":0,"4":0,"5":0,"6":0,"7":0,"8":0,"9":0,"10":0},"f":{"0":0},"b":{"0":[0,0]}}
[...]
,"C:\\work\\omnifood-ni\\apps\\admin_backend\\src\\modules\\sales\\entities\\invoice-item-modifier.entity.ts": {"path":"C:\\work\\omnifood-ni\\apps\\admin_backend\\src\\modules\\sales\\entities\\invoice-item-modifier.entity.ts","statementMap":{"0":{"start":{"line":1,"column":0},"end":{"line":1,"column":null}},"1":{"start":{"line":8,"column":0},"end":{"line":8,"column":52}},"2":{"start":{"line":11,"column":7},"end":{"line":27,"column":null}},"3":{"start":{"line":11,"column":13},"end":{"line":11,"column":32}},"4":{"start":{"line":13,"column":2},"end":{"line":13,"column":null}},"5":{"start":{"line":16,"column":2},"end":{"line":16,"column":null}},"6":{"start":{"line":20,"column":2},"end":{"line":20,"column":null}},"7":{"start":{"line":18,"column":19},"end":{"line":18,"column":30}},"8":{"start":{"line":18,"column":42},"end":{"line":18,"column":56}},"9":{"start":{"line":23,"column":2},"end":{"line":23,"column":null}},"10":{"start":{"line":26,"column":2},"end":{"line":26,"column":null}},"11":{"start":{"line":11,"column":13},"end":{"line":27,"column":null}}},"fnMap":{"0":{"name":"(anonymous_2)","decl":{"start":{"line":18,"column":13},"end":{"line":18,"column":16}},"loc":{"start":{"line":18,"column":19},"end":{"line":18,"column":30}}},"1":{"name":"(anonymous_3)","decl":{"start":{"line":18,"column":32},"end":{"line":18,"column":33}},"loc":{"start":{"line":18,"column":42},"end":{"line":18,"column":56}}}},"branchMap":{},"s":{"0":0,"1":0,"2":0,"3":0,"4":0,"5":0,"6":0,"7":0,"8":0,"9":0,"10":0,"11":0},"f":{"0":0,"1":0},"b":{}}
,"C:\\work\\omnifood-ni\\apps\\admin_backend\\src\\modules\\sales\\entities\\invoice-item.entity.ts": {"path":"C:\\work\\omnifood-ni\\apps\\admin_backend\\src\\modules\\sales\\entities\\invoice-item.entity.ts","statementMap":{"0":{"start":{"line":1,"column":0},"end":{"line":1,"column":null}},"1":{"start":{"line":9,"column":0},"end":{"line":9,"column":43}},"2":{"start":{"line":10,"column":0},"end":{"line":10,"column":69}},"3":{"start":{"line":13,"column":7},"end":{"line":61,"column":null}},"4":{"start":{"line":13,"column":13},"end":{"line":13,"column":24}},"5":{"start":{"line":15,"column":2},"end":{"line":15,"column":null}},"6":{"start":{"line":18,"column":2},"end":{"line":18,"column":null}},"7":{"start":{"line":22,"column":2},"end":{"line":22,"column":null}},"8":{"start":{"line":20,"column":19},"end":{"line":20,"column":26}},"9":{"start":{"line":20,"column":41},"end":{"line":20,"column":54}},"10":{"start":{"line":25,"column":2},"end":{"line":25,"column":null}},"11":{"start":{"line":28,"column":2},"end":{"line":28,"column":null}},"12":{"start":{"line":31,"column":2},"end":{"line":31,"column":null}},"13":{"start":{"line":34,"column":2},"end":{"line":34,"column":null}},"14":{"start":{"line":37,"column":2},"end":{"line":37,"column":null}},"15":{"start":{"line":40,"column":2},"end":{"line":40,"column":null}},"16":{"start":{"line":43,"column":2},"end":{"line":43,"column":null}},"17":{"start":{"line":46,"column":2},"end":{"line":46,"column":null}},"18":{"start":{"line":49,"column":2},"end":{"line":49,"column":null}},"19":{"start":{"line":52,"column":2},"end":{"line":52,"column":null}},"20":{"start":{"line":55,"column":2},"end":{"line":55,"column":null}},"21":{"start":{"line":60,"column":2},"end":{"line":60,"column":null}},"22":{"start":{"line":57,"column":19},"end":{"line":57,"column":38}},"23":{"start":{"line":57,"column":54},"end":{"line":57,"column":67}},"24":{"start":{"line":13,"column":13},"end":{"line":61,"column":null}}},"fnMap":{"0":{"name":"(anonymous_2)","decl":{"start":{"line":20,"column":13},"end":{"line":20,"column":16}},"loc":{"start":{"line":20,"column":19},"end":{"line":20,"column":26}}},"1":{"name":"(anonymous_3)","decl":{"start":{"line":20,"column":28},"end":{"line":20,"column":29}},"loc":{"start":{"line":20,"column":41},"end":{"line":20,"column":54}}},"2":{"name":"(anonymous_4)","decl":{"start":{"line":57,"column":13},"end":{"line":57,"column":16}},"loc":{"start":{"line":57,"column":19},"end":{"line":57,"column":38}}},"3":{"name":"(anonymous_5)","decl":{"start":{"line":57,"column":40},"end":{"line":57,"column":41}},"loc":{"start":{"line":57,"column":54},"end":{"line":57,"column":67}}}},"branchMap":{},"s":{"0":0,"1":0,"2":0,"3":0,"4":0,"5":0,"6":0,"7":0,"8":0,"9":0,"10":0,"11":0,"12":0,"13":0,"14":0,"15":0,"16":0,"17":0,"18":0,"19":0,"20":0,"21":0,"22":0,"23":0,"24":0},"f":{"0":0,"1":0,"2":0,"3":0},"b":{}}
,"C:\\work\\omnifood-ni\\apps\\admin_backend\\src\\modules\\sales\\entities\\invoice.entity.ts": {"path":"C:\\work\\omnifood-ni\\apps\\admin_backend\\src\\modules\\sales\\entities\\invoice.entity.ts","statementMap":{"0":{"start":{"line":1,"column":0},"end":{"line":1,"column":null}},"1":{"start":{"line":11,"column":0},"end":{"line":11,"column":61}},"2":{"start":{"line":12,"column":0},"end":{"line":12,"column":52}},"3":{"start":{"line":13,"column":0},"end":{"line":13,"column":43}},"4":{"start":{"line":16,"column":7},"end":{"line":77,"column":null}},"5":{"start":{"line":16,"column":13},"end":{"line":16,"column":20}},"6":{"start":{"line":18,"column":2},"end":{"line":18,"column":null}},"7":{"start":{"line":22,"column":2},"end":{"line":22,"column":null}},"8":{"start":{"line":26,"column":2},"end":{"line":26,"column":null}},"9":{"start":{"line":24,"column":19},"end":{"line":24,"column":25}},"10":{"start":{"line":30,"column":2},"end":{"line":30,"column":null}},"11":{"start":{"line":33,"column":2},"end":{"line":33,"column":null}},"12":{"start":{"line":36,"column":2},"end":{"line":36,"column":null}},"13":{"start":{"line":39,"column":2},"end":{"line":39,"column":null}},"14":{"start":{"line":42,"column":2},"end":{"line":42,"column":null}},"15":{"start":{"line":45,"column":2},"end":{"line":45,"column":null}},"16":{"start":{"line":48,"column":2},"end":{"line":48,"column":null}},"17":{"start":{"line":51,"column":2},"end":{"line":51,"column":null}},"18":{"start":{"line":54,"column":2},"end":{"line":54,"column":null}},"19":{"start":{"line":57,"column":2},"end":{"line":57,"column":null}},"20":{"start":{"line":60,"column":2},"end":{"line":60,"column":null}},"21":{"start":{"line":63,"column":2},"end":{"line":63,"column":null}},"22":{"start":{"line":62,"column":19},"end":{"line":62,"column":30}},"23":{"start":{"line":62,"column":42},"end":{"line":62,"column":54}},"24":{"start":{"line":66,"column":2},"end":{"line":66,"column":null}},"25":{"start":{"line":65,"column":19},"end":{"line":65,"column":26}},"26":{"start":{"line":65,"column":41},"end":{"line":65,"column":56}},"27":{"start":{"line":69,"column":2},"end":{"line":69,"column":null}},"28":{"start":{"line":73,"column":2},"end":{"line":73,"column":null}},"29":{"start":{"line":76,"column":2},"end":{"line":76,"column":null}},"30":{"start":{"line":16,"column":13},"end":{"line":77,"column":null}}},"fnMap":{"0":{"name":"(anonymous_2)","decl":{"start":{"line":24,"column":13},"end":{"line":24,"column":16}},"loc":{"start":{"line":24,"column":19},"end":{"line":24,"column":25}}},"1":{"name":"(anonymous_3)","decl":{"start":{"line":62,"column":13},"end":{"line":62,"column":16}},"loc":{"start":{"line":62,"column":19},"end":{"line":62,"column":30}}},"2":{"name":"(anonymous_4)","decl":{"start":{"line":62,"column":32},"end":{"line":62,"column":33}},"loc":{"start":{"line":62,"column":42},"end":{"line":62,"column":54}}},"3":{"name":"(anonymous_5)","decl":{"start":{"line":65,"column":13},"end":{"line":65,"column":16}},"loc":{"start":{"line":65,"column":19},"end":{"line":65,"column":26}}},"4":{"name":"(anonymous_6)","decl":{"start":{"line":65,"column":28},"end":{"line":65,"column":29}},"loc":{"start":{"line":65,"column":41},"end":{"line":65,"column":56}}}},"branchMap":{},"s":{"0":0,"1":0,"2":0,"3":0,"4":0,"5":0,"6":0,"7":0,"8":0,"9":0,"10":0,"11":0,"12":0,"13":0,"14":0,"15":0,"16":0,"17":0,"18":0,"19":0,"20":0,"21":0,"22":0,"23":0,"24":0,"25":0,"26":0,"27":0,"28":0,"29":0,"30":0},"f":{"0":0,"1":0,"2":0,"3":0,"4":0},"b":{}}
,"C:\\work\\omnifood-ni\\apps\\admin_backend\\src\\modules\\sales\\entities\\payment.entity.ts": {"path":"C:\\work\\omnifood-ni\\apps\\admin_backend\\src\\modules\\sales\\entities\\payment.entity.ts","statementMap":{"0":{"start":{"line":1,"column":0},"end":{"line":1,"column":null}},"1":{"start":{"line":9,"column":0},"end":{"line":9,"column":43}},"2":{"start":{"line":12,"column":7},"end":{"line":42,"column":null}},"3":{"start":{"line":12,"column":13},"end":{"line":12,"column":20}},"4":{"start":{"line":14,"column":2},"end":{"line":14,"column":null}},"5":{"start":{"line":17,"column":2},"end":{"line":17,"column":null}},"6":{"start":{"line":21,"column":2},"end":{"line":21,"column":null}},"7":{"start":{"line":19,"column":19},"end":{"line":19,"column":26}},"8":{"start":{"line":19,"column":41},"end":{"line":19,"column":57}},"9":{"start":{"line":24,"column":2},"end":{"line":24,"column":null}},"10":{"start":{"line":27,"column":2},"end":{"line":27,"column":null}},"11":{"start":{"line":30,"column":2},"end":{"line":30,"column":null}},"12":{"start":{"line":38,"column":2},"end":{"line":38,"column":null}},"13":{"start":{"line":41,"column":2},"end":{"line":41,"column":null}},"14":{"start":{"line":12,"column":13},"end":{"line":42,"column":null}}},"fnMap":{"0":{"name":"(anonymous_2)","decl":{"start":{"line":19,"column":13},"end":{"line":19,"column":16}},"loc":{"start":{"line":19,"column":19},"end":{"line":19,"column":26}}},"1":{"name":"(anonymous_3)","decl":{"start":{"line":19,"column":28},"end":{"line":19,"column":29}},"loc":{"start":{"line":19,"column":41},"end":{"line":19,"column":57}}}},"branchMap":{},"s":{"0":0,"1":0,"2":0,"3":0,"4":0,"5":0,"6":0,"7":0,"8":0,"9":0,"10":0,"11":0,"12":0,"13":0,"14":0},"f":{"0":0,"1":0},"b":{}}
,"C:\\work\\omnifood-ni\\apps\\admin_backend\\src\\modules\\sales\\services\\invoices.service.ts": {"path":"C:\\work\\omnifood-ni\\apps\\admin_backend\\src\\modules\\sales\\services\\invoices.service.ts","statementMap":{"0":{"start":{"line":1,"column":0},"end":{"line":1,"column":44}},"1":{"start":{"line":2,"column":0},"end":{"line":2,"column":51}},"2":{"start":{"line":3,"column":0},"end":{"line":3,"column":37}},"3":{"start":{"line":4,"column":0},"end":{"line":4,"column":53}},"4":{"start":{"line":5,"column":0},"end":{"line":5,"column":62}},"5":{"start":{"line":6,"column":0},"end":{"line":6,"column":53}},"6":{"start":{"line":10,"column":7},"end":{"line":71,"column":null}},"7":{"start":{"line":13,"column":21},"end":{"line":13,"column":40}},"8":{"start":{"line":15,"column":21},"end":{"line":15,"column":37}},"9":{"start":{"line":17,"column":21},"end":{"line":17,"column":40}},"10":{"start":{"line":21,"column":4},"end":{"line":53,"column":5}},"11":{"start":{"line":23,"column":6},"end":{"line":30,"column":8}},"12":{"start":{"line":33,"column":6},"end":{"line":41,"column":7}},"13":{"start":{"line":34,"column":8},"end":{"line":40,"column":10}},"14":{"start":{"line":35,"column":35},"end":{"line":38,"column":12}},"15":{"start":{"line":44,"column":6},"end":{"line":52,"column":7}},"16":{"start":{"line":45,"column":8},"end":{"line":51,"column":10}},"17":{"start":{"line":46,"column":41},"end":{"line":49,"column":12}},"18":{"start":{"line":57,"column":4},"end":{"line":61,"column":7}},"19":{"start":{"line":65,"column":20},"end":{"line":68,"column":6}},"20":{"start":{"line":69,"column":4},"end":{"line":69,"column":19}},"21":{"start":{"line":10,"column":13},"end":{"line":10,"column":28}},"22":{"start":{"line":10,"column":13},"end":{"line":71,"column":null}}},"fnMap":{"0":{"name":"(anonymous_4)","decl":{"start":{"line":11,"column":2},"end":{"line":11,"column":null}},"loc":{"start":{"line":17,"column":59},"end":{"line":18,"column":6}}},"1":{"name":"(anonymous_5)","decl":{"start":{"line":20,"column":2},"end":{"line":20,"column":7}},"loc":{"start":{"line":20,"column":61},"end":{"line":54,"column":3}}},"2":{"name":"(anonymous_6)","decl":{"start":{"line":35,"column":24},"end":{"line":35,"column":25}},"loc":{"start":{"line":35,"column":35},"end":{"line":38,"column":12}}},"3":{"name":"(anonymous_7)","decl":{"start":{"line":46,"column":27},"end":{"line":46,"column":28}},"loc":{"start":{"line":46,"column":41},"end":{"line":49,"column":12}}},"4":{"name":"(anonymous_8)","decl":{"start":{"line":56,"column":2},"end":{"line":56,"column":7}},"loc":{"start":{"line":56,"column":32},"end":{"line":62,"column":3}}},"5":{"name":"(anonymous_9)","decl":{"start":{"line":64,"column":2},"end":{"line":64,"column":7}},"loc":{"start":{"line":64,"column":44},"end":{"line":70,"column":3}}}},"branchMap":{"0":{"loc":{"start":{"line":33,"column":6},"end":{"line":41,"column":7}},"type":"if","locations":[{"start":{"line":33,"column":6},"end":{"line":41,"column":7}},{"start":{},"end":{}}]},"1":{"loc":{"start":{"line":44,"column":6},"end":{"line":52,"column":7}},"type":"if","locations":[{"start":{"line":44,"column":6},"end":{"line":52,"column":7}},{"start":{},"end":{}}]}},"s":{"0":0,"1":0,"2":0,"3":0,"4":0,"5":0,"6":0,"7":0,"8":0,"9":0,"10":0,"11":0,"12":0,"13":0,"14":0,"15":0,"16":0,"17":0,"18":0,"19":0,"20":0,"21":0,"22":0},"f":{"0":0,"1":0,"2":0,"3":0,"4":0,"5":0},"b":{"0":[0,0],"1":[0,0]}}
,"C:\\work\\omnifood-ni\\apps\\admin_backend\\src\\modules\\tenant\\entities\\tenant.entity.ts": {"path":"C:\\work\\omnifood-ni\\apps\\admin_backend\\src\\modules\\tenant\\entities\\tenant.entity.ts","statementMap":{"0":{"start":{"line":1,"column":0},"end":{"line":1,"column":null}},"1":{"start":{"line":10,"column":7},"end":{"line":28,"column":null}},"2":{"start":{"line":10,"column":13},"end":{"line":10,"column":19}},"3":{"start":{"line":12,"column":2},"end":{"line":12,"column":null}},"4":{"start":{"line":15,"column":2},"end":{"line":15,"column":null}},"5":{"start":{"line":18,"column":2},"end":{"line":18,"column":null}},"6":{"start":{"line":21,"column":2},"end":{"line":21,"column":null}},"7":{"start":{"line":24,"column":2},"end":{"line":24,"column":null}},"8":{"start":{"line":27,"column":2},"end":{"line":27,"column":null}},"9":{"start":{"line":10,"column":13},"end":{"line":28,"column":null}}},"fnMap":{},"branchMap":{},"s":{"0":1,"1":1,"2":1,"3":1,"4":1,"5":1,"6":1,"7":1,"8":1,"9":1},"f":{},"b":{}}
,"C:\\work\\omnifood-ni\\apps\\admin_backend\\src\\scripts\\provision.ts": {"path":"C:\\work\\omnifood-ni\\apps\\admin_backend\\src\\scripts\\provision.ts","statementMap":{"0":{"start":{"line":1,"column":0},"end":{"line":1,"column":43}},"1":{"start":{"line":2,"column":0},"end":{"line":2,"column":51}},"2":{"start":{"line":3,"column":0},"end":{"line":3,"column":37}},"3":{"start":{"line":4,"column":0},"end":{"line":4,"column":66}},"4":{"start":{"line":5,"column":0},"end":{"line":5,"column":74}},"5":{"start":{"line":6,"column":0},"end":{"line":6,"column":87}},"6":{"start":{"line":7,"column":0},"end":{"line":7,"column":33}},"7":{"start":{"line":8,"column":0},"end":{"line":8,"column":37}},"8":{"start":{"line":17,"column":11},"end":{"line":20,"column":2}},"9":{"start":{"line":22,"column":12},"end":{"line":23,"column":55}},"10":{"start":{"line":23,"column":2},"end":{"line":23,"column":55}},"11":{"start":{"line":23,"column":27},"end":{"line":23,"column":54}},"12":{"start":{"line":26,"column":2},"end":{"line":26,"column":61}},"13":{"start":{"line":28,"column":14},"end":{"line":28,"column":67}},"14":{"start":{"line":29,"column":21},"end":{"line":29,"column":40}},"15":{"start":{"line":31,"column":2},"end":{"line":73,"column":3}},"16":{"start":{"line":32,"column":23},"end":{"line":32,"column":65}},"17":{"start":{"line":33,"column":16},"end":{"line":33,"column":57}},"18":{"start":{"line":34,"column":22},"end":{"line":34,"column":67}},"19":{"start":{"line":35,"column":23},"end":{"line":35,"column":53}},"20":{"start":{"line":36,"column":22},"end":{"line":36,"column":55}},"21":{"start":{"line":37,"column":21},"end":{"line":37,"column":74}},"22":{"start":{"line":39,"column":4},"end":{"line":65,"column":7}},"23":{"start":{"line":41,"column":21},"end":{"line":41,"column":33}},"24":{"start":{"line":42,"column":6},"end":{"line":42,"column":31}},"25":{"start":{"line":43,"column":6},"end":{"line":43,"column":31}},"26":{"start":{"line":44,"column":6},"end":{"line":44,"column":30}},"27":{"start":{"line":45,"column":26},"end":{"line":45,"column":52}},"28":{"start":{"line":46,"column":6},"end":{"line":46,"column":56}},"29":{"start":{"line":49,"column":19},"end":{"line":49,"column":29}},"30":{"start":{"line":50,"column":6},"end":{"line":50,"column":28}},"31":{"start":{"line":51,"column":6},"end":{"line":51,"column":30}},"32":{"start":{"line":52,"column":6},"end":{"line":52,"column":33}},"33":{"start":{"line":53,"column":6},"end":{"line":53,"column":38}},"34":{"start":{"line":54,"column":6},"end":{"line":54,"column":60}},"35":{"start":{"line":55,"column":6},"end":{"line":55,"column":28}},"36":{"start":{"line":57,"column":24},"end":{"line":57,"column":48}},"37":{"start":{"line":58,"column":22},"end":{"line":58,"column":43}},"38":{"start":{"line":59,"column":6},"end":{"line":59,"column":37}},"39":{"start":{"line":60,"column":6},"end":{"line":60,"column":57}},"40":{"start":{"line":61,"column":6},"end":{"line":61,"column":36}},"41":{"start":{"line":62,"column":6},"end":{"line":62,"column":38}},"42":{"start":{"line":63,"column":6},"end":{"line":63,"column":34}},"43":{"start":{"line":64,"column":6},"end":{"line":64,"column":61}},"44":{"start":{"line":67,"column":4},"end":{"line":67,"column":61}},"45":{"start":{"line":69,"column":4},"end":{"line":69,"column":58}},"46":{"start":{"line":71,"column":4},"end":{"line":71,"column":22}},"47":{"start":{"line":72,"column":4},"end":{"line":72,"column":15}},"48":{"start":{"line":76,"column":0},"end":{"line":76,"column":17}}},"fnMap":{"0":{"name":"(anonymous_0)","decl":{"start":{"line":22,"column":12},"end":{"line":22,"column":13}},"loc":{"start":{"line":23,"column":2},"end":{"line":23,"column":55}}},"1":{"name":"(anonymous_1)","decl":{"start":{"line":23,"column":14},"end":{"line":23,"column":15}},"loc":{"start":{"line":23,"column":27},"end":{"line":23,"column":54}}},"2":{"name":"provision","decl":{"start":{"line":25,"column":15},"end":{"line":25,"column":24}},"loc":{"start":{"line":25,"column":24},"end":{"line":74,"column":1}}},"3":{"name":"(anonymous_3)","decl":{"start":{"line":39,"column":33},"end":{"line":39,"column":38}},"loc":{"start":{"line":39,"column":51},"end":{"line":65,"column":5}}}},"branchMap":{"0":{"loc":{"start":{"line":43,"column":19},"end":{"line":43,"column":30}},"type":"binary-expr","locations":[{"start":{"line":43,"column":19},"end":{"line":43,"column":22}},{"start":{"line":43,"column":26},"end":{"line":43,"column":30}}]}},"s":{"0":0,"1":0,"2":0,"3":0,"4":0,"5":0,"6":0,"7":0,"8":0,"9":0,"10":0,"11":0,"12":0,"13":0,"14":0,"15":0,"16":0,"17":0,"18":0,"19":0,"20":0,"21":0,"22":0,"23":0,"24":0,"25":0,"26":0,"27":0,"28":0,"29":0,"30":0,"31":0,"32":0,"33":0,"34":0,"35":0,"36":0,"37":0,"38":0,"39":0,"40":0,"41":0,"42":0,"43":0,"44":0,"45":0,"46":0,"47":0,"48":0},"f":{"0":0,"1":0,"2":0,"3":0},"b":{"0":[0,0]}}
}
